CRITICAL - 2023-10-17 01:26:18 --> Maximum execution time of 60 seconds exceeded
in SYSTEMPATH\Autoloader\Autoloader.php on line 252.
 1 [internal function]: CodeIgniter\Debug\Exceptions->shutdownHandler()
CRITICAL - 2023-10-17 01:27:16 --> Class "App\Controllers\PostModel" not found
in APPPATH\Controllers\ExportarBDController.php on line 15.
 1 SYSTEMPATH\CodeIgniter.php(919): App\Controllers\ExportarBDController->exportar_CSV_Posts()
 2 SYSTEMPATH\CodeIgniter.php(494): CodeIgniter\CodeIgniter->runController(Object(App\Controllers\ExportarBDController))
 3 SYSTEMPATH\CodeIgniter.php(353): CodeIgniter\CodeIgniter->handleRequest(null, Object(Config\Cache), false)
 4 FCPATH\index.php(79): CodeIgniter\CodeIgniter->run()
 5 SYSTEMPATH\Commands\Server\rewrite.php(47): require_once('C:\\Users\\ardil\\Downloads\\blog\\public\\index.php')
CRITICAL - 2023-10-17 01:28:05 --> Call to undefined method App\Controllers\PostController::all()
in APPPATH\Controllers\ExportarBDController.php on line 15.
 1 SYSTEMPATH\CodeIgniter.php(919): App\Controllers\ExportarBDController->exportar_CSV_Posts()
 2 SYSTEMPATH\CodeIgniter.php(494): CodeIgniter\CodeIgniter->runController(Object(App\Controllers\ExportarBDController))
 3 SYSTEMPATH\CodeIgniter.php(353): CodeIgniter\CodeIgniter->handleRequest(null, Object(Config\Cache), false)
 4 FCPATH\index.php(79): CodeIgniter\CodeIgniter->run()
 5 SYSTEMPATH\Commands\Server\rewrite.php(47): require_once('C:\\Users\\ardil\\Downloads\\blog\\public\\index.php')
CRITICAL - 2023-10-17 01:28:17 --> Class "App\Controllers\PostModel" not found
in APPPATH\Controllers\ExportarBDController.php on line 15.
 1 SYSTEMPATH\CodeIgniter.php(919): App\Controllers\ExportarBDController->exportar_CSV_Posts()
 2 SYSTEMPATH\CodeIgniter.php(494): CodeIgniter\CodeIgniter->runController(Object(App\Controllers\ExportarBDController))
 3 SYSTEMPATH\CodeIgniter.php(353): CodeIgniter\CodeIgniter->handleRequest(null, Object(Config\Cache), false)
 4 FCPATH\index.php(79): CodeIgniter\CodeIgniter->run()
 5 SYSTEMPATH\Commands\Server\rewrite.php(47): require_once('C:\\Users\\ardil\\Downloads\\blog\\public\\index.php')
CRITICAL - 2023-10-17 01:32:18 --> Class "App\Controllers\PostModel" not found
in APPPATH\Controllers\ExportarBDController.php on line 18.
 1 SYSTEMPATH\CodeIgniter.php(919): App\Controllers\ExportarBDController->exportar_CSV_Posts()
 2 SYSTEMPATH\CodeIgniter.php(494): CodeIgniter\CodeIgniter->runController(Object(App\Controllers\ExportarBDController))
 3 SYSTEMPATH\CodeIgniter.php(353): CodeIgniter\CodeIgniter->handleRequest(null, Object(Config\Cache), false)
 4 FCPATH\index.php(79): CodeIgniter\CodeIgniter->run()
 5 SYSTEMPATH\Commands\Server\rewrite.php(47): require_once('C:\\Users\\ardil\\Downloads\\blog\\public\\index.php')
CRITICAL - 2023-10-17 01:32:47 --> syntax error, unexpected identifier "all", expecting variable or "$"
in APPPATH\Controllers\ExportarBDController.php on line 18.
 1 SYSTEMPATH\Autoloader\Autoloader.php(285): CodeIgniter\Autoloader\Autoloader->includeFile('C:\\Users\\ardil\\Downloads\\blog\\app\\Controllers\\ExportarBDController.php')
 2 SYSTEMPATH\Autoloader\Autoloader.php(263): CodeIgniter\Autoloader\Autoloader->loadInNamespace('App\\Controllers\\ExportarBDController')
 3 [internal function]: CodeIgniter\Autoloader\Autoloader->loadClass('App\\Controllers\\ExportarBDController')
 4 SYSTEMPATH\CodeIgniter.php(877): class_exists('\\App\\Controllers\\ExportarBDController', true)
 5 SYSTEMPATH\CodeIgniter.php(481): CodeIgniter\CodeIgniter->startController()
 6 SYSTEMPATH\CodeIgniter.php(353): CodeIgniter\CodeIgniter->handleRequest(null, Object(Config\Cache), false)
 7 FCPATH\index.php(79): CodeIgniter\CodeIgniter->run()
 8 SYSTEMPATH\Commands\Server\rewrite.php(47): require_once('C:\\Users\\ardil\\Downloads\\blog\\public\\index.php')
CRITICAL - 2023-10-17 01:33:27 --> Class "App\Controllers\PModel" not found
in APPPATH\Controllers\ExportarBDController.php on line 15.
 1 SYSTEMPATH\CodeIgniter.php(919): App\Controllers\ExportarBDController->exportar_CSV_Posts()
 2 SYSTEMPATH\CodeIgniter.php(494): CodeIgniter\CodeIgniter->runController(Object(App\Controllers\ExportarBDController))
 3 SYSTEMPATH\CodeIgniter.php(353): CodeIgniter\CodeIgniter->handleRequest(null, Object(Config\Cache), false)
 4 FCPATH\index.php(79): CodeIgniter\CodeIgniter->run()
 5 SYSTEMPATH\Commands\Server\rewrite.php(47): require_once('C:\\Users\\ardil\\Downloads\\blog\\public\\index.php')
CRITICAL - 2023-10-17 01:33:47 --> Class "App\Controllers\PModel" not found
in APPPATH\Controllers\ExportarBDController.php on line 15.
 1 SYSTEMPATH\CodeIgniter.php(919): App\Controllers\ExportarBDController->exportar_CSV_Posts()
 2 SYSTEMPATH\CodeIgniter.php(494): CodeIgniter\CodeIgniter->runController(Object(App\Controllers\ExportarBDController))
 3 SYSTEMPATH\CodeIgniter.php(353): CodeIgniter\CodeIgniter->handleRequest(null, Object(Config\Cache), false)
 4 FCPATH\index.php(79): CodeIgniter\CodeIgniter->run()
 5 SYSTEMPATH\Commands\Server\rewrite.php(47): require_once('C:\\Users\\ardil\\Downloads\\blog\\public\\index.php')
CRITICAL - 2023-10-17 01:33:52 --> Class "App\Controllers\PostModel" not found
in APPPATH\Controllers\ExportarBDController.php on line 15.
 1 SYSTEMPATH\CodeIgniter.php(919): App\Controllers\ExportarBDController->exportar_CSV_Posts()
 2 SYSTEMPATH\CodeIgniter.php(494): CodeIgniter\CodeIgniter->runController(Object(App\Controllers\ExportarBDController))
 3 SYSTEMPATH\CodeIgniter.php(353): CodeIgniter\CodeIgniter->handleRequest(null, Object(Config\Cache), false)
 4 FCPATH\index.php(79): CodeIgniter\CodeIgniter->run()
 5 SYSTEMPATH\Commands\Server\rewrite.php(47): require_once('C:\\Users\\ardil\\Downloads\\blog\\public\\index.php')
CRITICAL - 2023-10-17 01:36:22 --> Class "App\Controllers\PostModel" not found
in APPPATH\Controllers\PostController.php on line 215.
 1 SYSTEMPATH\CodeIgniter.php(919): App\Controllers\PostController->exportar_CSV_Posts()
 2 SYSTEMPATH\CodeIgniter.php(494): CodeIgniter\CodeIgniter->runController(Object(App\Controllers\PostController))
 3 SYSTEMPATH\CodeIgniter.php(353): CodeIgniter\CodeIgniter->handleRequest(null, Object(Config\Cache), false)
 4 FCPATH\index.php(79): CodeIgniter\CodeIgniter->run()
 5 SYSTEMPATH\Commands\Server\rewrite.php(47): require_once('C:\\Users\\ardil\\Downloads\\blog\\public\\index.php')
CRITICAL - 2023-10-17 01:38:20 --> Class "Models\PostModel" not found
in APPPATH\Controllers\ExportarBDController.php on line 17.
 1 SYSTEMPATH\CodeIgniter.php(919): App\Controllers\ExportarBDController->exportar_CSV_Posts()
 2 SYSTEMPATH\CodeIgniter.php(494): CodeIgniter\CodeIgniter->runController(Object(App\Controllers\ExportarBDController))
 3 SYSTEMPATH\CodeIgniter.php(353): CodeIgniter\CodeIgniter->handleRequest(null, Object(Config\Cache), false)
 4 FCPATH\index.php(79): CodeIgniter\CodeIgniter->run()
 5 SYSTEMPATH\Commands\Server\rewrite.php(47): require_once('C:\\Users\\ardil\\Downloads\\blog\\public\\index.php')
CRITICAL - 2023-10-17 02:11:49 --> Class "TCPDF" not found
in APPPATH\Controllers\ExportarBDController.php on line 56.
 1 SYSTEMPATH\CodeIgniter.php(919): App\Controllers\ExportarBDController->exportToPDF()
 2 SYSTEMPATH\CodeIgniter.php(494): CodeIgniter\CodeIgniter->runController(Object(App\Controllers\ExportarBDController))
 3 SYSTEMPATH\CodeIgniter.php(353): CodeIgniter\CodeIgniter->handleRequest(null, Object(Config\Cache), false)
 4 FCPATH\index.php(79): CodeIgniter\CodeIgniter->run()
 5 SYSTEMPATH\Commands\Server\rewrite.php(47): require_once('C:\\Users\\ardil\\Downloads\\blog\\public\\index.php')
CRITICAL - 2023-10-17 02:32:00 --> foreach() argument must be of type array|object, int given
in VENDORPATH\tecnickcom\tcpdf\tcpdf.php on line 5699.
 1 VENDORPATH\tecnickcom\tcpdf\tcpdf.php(5699): CodeIgniter\Debug\Exceptions->errorHandler(2, 'foreach() argument must be of type array|object, int given', 'C:\\Users\\ardil\\Downloads\\blog\\vendor\\tecnickcom\\tcpdf\\tcpdf.php', 5699)
 2 VENDORPATH\tecnickcom\tcpdf\tcpdf.php(5331): TCPDF->getCellBorder(25.00125, 10.001249999999999, 20, 10, 2)
 3 VENDORPATH\tecnickcom\tcpdf\tcpdf.php(5143): TCPDF->getCellCode(20, 10, 'title', 2, 0, 'C', false, '', 0, true, 'T', 'M')
 4 APPPATH\Controllers\ExportarBDController.php(68): TCPDF->Cell(20, 10, 'title', 2, 0, 'C')
 5 SYSTEMPATH\CodeIgniter.php(919): App\Controllers\ExportarBDController->exportToPDF()
 6 SYSTEMPATH\CodeIgniter.php(494): CodeIgniter\CodeIgniter->runController(Object(App\Controllers\ExportarBDController))
 7 SYSTEMPATH\CodeIgniter.php(353): CodeIgniter\CodeIgniter->handleRequest(null, Object(Config\Cache), false)
 8 FCPATH\index.php(79): CodeIgniter\CodeIgniter->run()
 9 SYSTEMPATH\Commands\Server\rewrite.php(47): require_once('C:\\Users\\ardil\\Downloads\\blog\\public\\index.php')
CRITICAL - 2023-10-17 03:24:24 --> Undefined variable $Categories_Report_20231017_032417.pdf
in APPPATH\Controllers\ExportarBDController.php on line 163.
 1 APPPATH\Controllers\ExportarBDController.php(163): CodeIgniter\Debug\Exceptions->errorHandler(2, 'Undefined variable $Categories_Report_20231017_032417.pdf', 'C:\\Users\\ardil\\Downloads\\blog\\app\\Controllers\\ExportarBDController.php', 163)
 2 SYSTEMPATH\CodeIgniter.php(919): App\Controllers\ExportarBDController->exportar_PDF_Categories()
 3 SYSTEMPATH\CodeIgniter.php(494): CodeIgniter\CodeIgniter->runController(Object(App\Controllers\ExportarBDController))
 4 SYSTEMPATH\CodeIgniter.php(353): CodeIgniter\CodeIgniter->handleRequest(null, Object(Config\Cache), false)
 5 FCPATH\index.php(79): CodeIgniter\CodeIgniter->run()
 6 SYSTEMPATH\Commands\Server\rewrite.php(47): require_once('C:\\Users\\ardil\\Downloads\\blog\\public\\index.php')
