ERROR - 2023-10-05 00:23:08 --> mysqli_sql_exception: Invalid use of group function in C:\Users\ardil\Downloads\blog\system\Database\MySQLi\Connection.php:306
Stack trace:
#0 C:\Users\ardil\Downloads\blog\system\Database\MySQLi\Connection.php(306): mysqli->query('select category...', 0)
#1 C:\Users\ardil\Downloads\blog\system\Database\BaseConnection.php(692): CodeIgniter\Database\MySQLi\Connection->execute('select category...')
#2 C:\Users\ardil\Downloads\blog\system\Database\BaseConnection.php(606): CodeIgniter\Database\BaseConnection->simpleQuery('select category...')
#3 C:\Users\ardil\Downloads\blog\app\Controllers\PostController.php(147): CodeIgniter\Database\BaseConnection->query('select category...')
#4 C:\Users\ardil\Downloads\blog\system\CodeIgniter.php(919): App\Controllers\PostController->ejercicio08()
#5 C:\Users\ardil\Downloads\blog\system\CodeIgniter.php(494): CodeIgniter\CodeIgniter->runController(Object(App\Controllers\PostController))
#6 C:\Users\ardil\Downloads\blog\system\CodeIgniter.php(353): CodeIgniter\CodeIgniter->handleRequest(NULL, Object(Config\Cache), false)
#7 C:\Users\ardil\Downloads\blog\public\index.php(79): CodeIgniter\CodeIgniter->run()
#8 C:\Users\ardil\Downloads\blog\system\Commands\Server\rewrite.php(47): require_once('C:\\Users\\ardil\\...')
#9 {main}
CRITICAL - 2023-10-05 00:23:09 --> Invalid use of group function
in SYSTEMPATH\Database\BaseConnection.php on line 646.
 1 APPPATH\Controllers\PostController.php(147): CodeIgniter\Database\BaseConnection->query('select category, count(*), max(count(*)) as "ppc" from categories')
 2 SYSTEMPATH\CodeIgniter.php(919): App\Controllers\PostController->ejercicio08()
 3 SYSTEMPATH\CodeIgniter.php(494): CodeIgniter\CodeIgniter->runController(Object(App\Controllers\PostController))
 4 SYSTEMPATH\CodeIgniter.php(353): CodeIgniter\CodeIgniter->handleRequest(null, Object(Config\Cache), false)
 5 FCPATH\index.php(79): CodeIgniter\CodeIgniter->run()
 6 SYSTEMPATH\Commands\Server\rewrite.php(47): require_once('C:\\Users\\ardil\\Downloads\\blog\\public\\index.php')
ERROR - 2023-10-05 00:30:48 --> mysqli_sql_exception: Unknown column 'ppc' in 'field list' in C:\Users\ardil\Downloads\blog\system\Database\MySQLi\Connection.php:306
Stack trace:
#0 C:\Users\ardil\Downloads\blog\system\Database\MySQLi\Connection.php(306): mysqli->query('select category...', 0)
#1 C:\Users\ardil\Downloads\blog\system\Database\BaseConnection.php(692): CodeIgniter\Database\MySQLi\Connection->execute('select category...')
#2 C:\Users\ardil\Downloads\blog\system\Database\BaseConnection.php(606): CodeIgniter\Database\BaseConnection->simpleQuery('select category...')
#3 C:\Users\ardil\Downloads\blog\app\Controllers\PostController.php(146): CodeIgniter\Database\BaseConnection->query('select category...')
#4 C:\Users\ardil\Downloads\blog\system\CodeIgniter.php(919): App\Controllers\PostController->ejercicio08()
#5 C:\Users\ardil\Downloads\blog\system\CodeIgniter.php(494): CodeIgniter\CodeIgniter->runController(Object(App\Controllers\PostController))
#6 C:\Users\ardil\Downloads\blog\system\CodeIgniter.php(353): CodeIgniter\CodeIgniter->handleRequest(NULL, Object(Config\Cache), false)
#7 C:\Users\ardil\Downloads\blog\public\index.php(79): CodeIgniter\CodeIgniter->run()
#8 C:\Users\ardil\Downloads\blog\system\Commands\Server\rewrite.php(47): require_once('C:\\Users\\ardil\\...')
#9 {main}
CRITICAL - 2023-10-05 00:30:48 --> Unknown column 'ppc' in 'field list'
in SYSTEMPATH\Database\BaseConnection.php on line 646.
 1 APPPATH\Controllers\PostController.php(146): CodeIgniter\Database\BaseConnection->query('select category, count(*) as "ppc", max(ppc) from categories group by category')
 2 SYSTEMPATH\CodeIgniter.php(919): App\Controllers\PostController->ejercicio08()
 3 SYSTEMPATH\CodeIgniter.php(494): CodeIgniter\CodeIgniter->runController(Object(App\Controllers\PostController))
 4 SYSTEMPATH\CodeIgniter.php(353): CodeIgniter\CodeIgniter->handleRequest(null, Object(Config\Cache), false)
 5 FCPATH\index.php(79): CodeIgniter\CodeIgniter->run()
 6 SYSTEMPATH\Commands\Server\rewrite.php(47): require_once('C:\\Users\\ardil\\Downloads\\blog\\public\\index.php')
ERROR - 2023-10-05 00:31:05 --> mysqli_sql_exception: Invalid use of group function in C:\Users\ardil\Downloads\blog\system\Database\MySQLi\Connection.php:306
Stack trace:
#0 C:\Users\ardil\Downloads\blog\system\Database\MySQLi\Connection.php(306): mysqli->query('select category...', 0)
#1 C:\Users\ardil\Downloads\blog\system\Database\BaseConnection.php(692): CodeIgniter\Database\MySQLi\Connection->execute('select category...')
#2 C:\Users\ardil\Downloads\blog\system\Database\BaseConnection.php(606): CodeIgniter\Database\BaseConnection->simpleQuery('select category...')
#3 C:\Users\ardil\Downloads\blog\app\Controllers\PostController.php(146): CodeIgniter\Database\BaseConnection->query('select category...')
#4 C:\Users\ardil\Downloads\blog\system\CodeIgniter.php(919): App\Controllers\PostController->ejercicio08()
#5 C:\Users\ardil\Downloads\blog\system\CodeIgniter.php(494): CodeIgniter\CodeIgniter->runController(Object(App\Controllers\PostController))
#6 C:\Users\ardil\Downloads\blog\system\CodeIgniter.php(353): CodeIgniter\CodeIgniter->handleRequest(NULL, Object(Config\Cache), false)
#7 C:\Users\ardil\Downloads\blog\public\index.php(79): CodeIgniter\CodeIgniter->run()
#8 C:\Users\ardil\Downloads\blog\system\Commands\Server\rewrite.php(47): require_once('C:\\Users\\ardil\\...')
#9 {main}
CRITICAL - 2023-10-05 00:31:05 --> Invalid use of group function
in SYSTEMPATH\Database\BaseConnection.php on line 646.
 1 APPPATH\Controllers\PostController.php(146): CodeIgniter\Database\BaseConnection->query('select category, count(*) as "ppc", max(count(*)) from categories group by category')
 2 SYSTEMPATH\CodeIgniter.php(919): App\Controllers\PostController->ejercicio08()
 3 SYSTEMPATH\CodeIgniter.php(494): CodeIgniter\CodeIgniter->runController(Object(App\Controllers\PostController))
 4 SYSTEMPATH\CodeIgniter.php(353): CodeIgniter\CodeIgniter->handleRequest(null, Object(Config\Cache), false)
 5 FCPATH\index.php(79): CodeIgniter\CodeIgniter->run()
 6 SYSTEMPATH\Commands\Server\rewrite.php(47): require_once('C:\\Users\\ardil\\Downloads\\blog\\public\\index.php')
ERROR - 2023-10-05 00:33:13 --> mysqli_sql_exception: You have an error in your SQL syntax; check the manual that corresponds to your MariaDB server version for the right syntax to use near '"p) from categories group by category' at line 1 in C:\Users\ardil\Downloads\blog\system\Database\MySQLi\Connection.php:306
Stack trace:
#0 C:\Users\ardil\Downloads\blog\system\Database\MySQLi\Connection.php(306): mysqli->query('select category...', 0)
#1 C:\Users\ardil\Downloads\blog\system\Database\BaseConnection.php(692): CodeIgniter\Database\MySQLi\Connection->execute('select category...')
#2 C:\Users\ardil\Downloads\blog\system\Database\BaseConnection.php(606): CodeIgniter\Database\BaseConnection->simpleQuery('select category...')
#3 C:\Users\ardil\Downloads\blog\app\Controllers\PostController.php(146): CodeIgniter\Database\BaseConnection->query('select category...')
#4 C:\Users\ardil\Downloads\blog\system\CodeIgniter.php(919): App\Controllers\PostController->ejercicio08()
#5 C:\Users\ardil\Downloads\blog\system\CodeIgniter.php(494): CodeIgniter\CodeIgniter->runController(Object(App\Controllers\PostController))
#6 C:\Users\ardil\Downloads\blog\system\CodeIgniter.php(353): CodeIgniter\CodeIgniter->handleRequest(NULL, Object(Config\Cache), false)
#7 C:\Users\ardil\Downloads\blog\public\index.php(79): CodeIgniter\CodeIgniter->run()
#8 C:\Users\ardil\Downloads\blog\system\Commands\Server\rewrite.php(47): require_once('C:\\Users\\ardil\\...')
#9 {main}
CRITICAL - 2023-10-05 00:33:13 --> You have an error in your SQL syntax; check the manual that corresponds to your MariaDB server version for the right syntax to use near '"p) from categories group by category' at line 1
in SYSTEMPATH\Database\BaseConnection.php on line 646.
 1 APPPATH\Controllers\PostController.php(146): CodeIgniter\Database\BaseConnection->query('select category, count(*) as "ppc", max("p) from categories group by category')
 2 SYSTEMPATH\CodeIgniter.php(919): App\Controllers\PostController->ejercicio08()
 3 SYSTEMPATH\CodeIgniter.php(494): CodeIgniter\CodeIgniter->runController(Object(App\Controllers\PostController))
 4 SYSTEMPATH\CodeIgniter.php(353): CodeIgniter\CodeIgniter->handleRequest(null, Object(Config\Cache), false)
 5 FCPATH\index.php(79): CodeIgniter\CodeIgniter->run()
 6 SYSTEMPATH\Commands\Server\rewrite.php(47): require_once('C:\\Users\\ardil\\Downloads\\blog\\public\\index.php')
ERROR - 2023-10-05 00:33:46 --> mysqli_sql_exception: You have an error in your SQL syntax; check the manual that corresponds to your MariaDB server version for the right syntax to use near '*) from categories group by category' at line 1 in C:\Users\ardil\Downloads\blog\system\Database\MySQLi\Connection.php:306
Stack trace:
#0 C:\Users\ardil\Downloads\blog\system\Database\MySQLi\Connection.php(306): mysqli->query('select category...', 0)
#1 C:\Users\ardil\Downloads\blog\system\Database\BaseConnection.php(692): CodeIgniter\Database\MySQLi\Connection->execute('select category...')
#2 C:\Users\ardil\Downloads\blog\system\Database\BaseConnection.php(606): CodeIgniter\Database\BaseConnection->simpleQuery('select category...')
#3 C:\Users\ardil\Downloads\blog\app\Controllers\PostController.php(146): CodeIgniter\Database\BaseConnection->query('select category...')
#4 C:\Users\ardil\Downloads\blog\system\CodeIgniter.php(919): App\Controllers\PostController->ejercicio08()
#5 C:\Users\ardil\Downloads\blog\system\CodeIgniter.php(494): CodeIgniter\CodeIgniter->runController(Object(App\Controllers\PostController))
#6 C:\Users\ardil\Downloads\blog\system\CodeIgniter.php(353): CodeIgniter\CodeIgniter->handleRequest(NULL, Object(Config\Cache), false)
#7 C:\Users\ardil\Downloads\blog\public\index.php(79): CodeIgniter\CodeIgniter->run()
#8 C:\Users\ardil\Downloads\blog\system\Commands\Server\rewrite.php(47): require_once('C:\\Users\\ardil\\...')
#9 {main}
CRITICAL - 2023-10-05 00:33:46 --> You have an error in your SQL syntax; check the manual that corresponds to your MariaDB server version for the right syntax to use near '*) from categories group by category' at line 1
in SYSTEMPATH\Database\BaseConnection.php on line 646.
 1 APPPATH\Controllers\PostController.php(146): CodeIgniter\Database\BaseConnection->query('select category, count(*) as "ppc", max(*) from categories group by category')
 2 SYSTEMPATH\CodeIgniter.php(919): App\Controllers\PostController->ejercicio08()
 3 SYSTEMPATH\CodeIgniter.php(494): CodeIgniter\CodeIgniter->runController(Object(App\Controllers\PostController))
 4 SYSTEMPATH\CodeIgniter.php(353): CodeIgniter\CodeIgniter->handleRequest(null, Object(Config\Cache), false)
 5 FCPATH\index.php(79): CodeIgniter\CodeIgniter->run()
 6 SYSTEMPATH\Commands\Server\rewrite.php(47): require_once('C:\\Users\\ardil\\Downloads\\blog\\public\\index.php')
ERROR - 2023-10-05 00:33:48 --> mysqli_sql_exception: You have an error in your SQL syntax; check the manual that corresponds to your MariaDB server version for the right syntax to use near '*) from categories group by category' at line 1 in C:\Users\ardil\Downloads\blog\system\Database\MySQLi\Connection.php:306
Stack trace:
#0 C:\Users\ardil\Downloads\blog\system\Database\MySQLi\Connection.php(306): mysqli->query('select category...', 0)
#1 C:\Users\ardil\Downloads\blog\system\Database\BaseConnection.php(692): CodeIgniter\Database\MySQLi\Connection->execute('select category...')
#2 C:\Users\ardil\Downloads\blog\system\Database\BaseConnection.php(606): CodeIgniter\Database\BaseConnection->simpleQuery('select category...')
#3 C:\Users\ardil\Downloads\blog\app\Controllers\PostController.php(146): CodeIgniter\Database\BaseConnection->query('select category...')
#4 C:\Users\ardil\Downloads\blog\system\CodeIgniter.php(919): App\Controllers\PostController->ejercicio08()
#5 C:\Users\ardil\Downloads\blog\system\CodeIgniter.php(494): CodeIgniter\CodeIgniter->runController(Object(App\Controllers\PostController))
#6 C:\Users\ardil\Downloads\blog\system\CodeIgniter.php(353): CodeIgniter\CodeIgniter->handleRequest(NULL, Object(Config\Cache), false)
#7 C:\Users\ardil\Downloads\blog\public\index.php(79): CodeIgniter\CodeIgniter->run()
#8 C:\Users\ardil\Downloads\blog\system\Commands\Server\rewrite.php(47): require_once('C:\\Users\\ardil\\...')
#9 {main}
CRITICAL - 2023-10-05 00:33:48 --> You have an error in your SQL syntax; check the manual that corresponds to your MariaDB server version for the right syntax to use near '*) from categories group by category' at line 1
in SYSTEMPATH\Database\BaseConnection.php on line 646.
 1 APPPATH\Controllers\PostController.php(146): CodeIgniter\Database\BaseConnection->query('select category, count(*) as "ppc", max(*) from categories group by category')
 2 SYSTEMPATH\CodeIgniter.php(919): App\Controllers\PostController->ejercicio08()
 3 SYSTEMPATH\CodeIgniter.php(494): CodeIgniter\CodeIgniter->runController(Object(App\Controllers\PostController))
 4 SYSTEMPATH\CodeIgniter.php(353): CodeIgniter\CodeIgniter->handleRequest(null, Object(Config\Cache), false)
 5 FCPATH\index.php(79): CodeIgniter\CodeIgniter->run()
 6 SYSTEMPATH\Commands\Server\rewrite.php(47): require_once('C:\\Users\\ardil\\Downloads\\blog\\public\\index.php')
ERROR - 2023-10-05 01:52:53 --> mysqli_sql_exception: You have an error in your SQL syntax; check the manual that corresponds to your MariaDB server version for the right syntax to use near '' at line 1 in C:\Users\ardil\Downloads\blog\system\Database\MySQLi\Connection.php:306
Stack trace:
#0 C:\Users\ardil\Downloads\blog\system\Database\MySQLi\Connection.php(306): mysqli->query('select category...', 0)
#1 C:\Users\ardil\Downloads\blog\system\Database\BaseConnection.php(692): CodeIgniter\Database\MySQLi\Connection->execute('select category...')
#2 C:\Users\ardil\Downloads\blog\system\Database\BaseConnection.php(606): CodeIgniter\Database\BaseConnection->simpleQuery('select category...')
#3 C:\Users\ardil\Downloads\blog\app\Controllers\PostController.php(146): CodeIgniter\Database\BaseConnection->query('select category...')
#4 C:\Users\ardil\Downloads\blog\system\CodeIgniter.php(919): App\Controllers\PostController->ejercicio08()
#5 C:\Users\ardil\Downloads\blog\system\CodeIgniter.php(494): CodeIgniter\CodeIgniter->runController(Object(App\Controllers\PostController))
#6 C:\Users\ardil\Downloads\blog\system\CodeIgniter.php(353): CodeIgniter\CodeIgniter->handleRequest(NULL, Object(Config\Cache), false)
#7 C:\Users\ardil\Downloads\blog\public\index.php(79): CodeIgniter\CodeIgniter->run()
#8 C:\Users\ardil\Downloads\blog\system\Commands\Server\rewrite.php(47): require_once('C:\\Users\\ardil\\...')
#9 {main}
CRITICAL - 2023-10-05 01:52:53 --> You have an error in your SQL syntax; check the manual that corresponds to your MariaDB server version for the right syntax to use near '' at line 1
in SYSTEMPATH\Database\BaseConnection.php on line 646.
 1 APPPATH\Controllers\PostController.php(146): CodeIgniter\Database\BaseConnection->query('select category, count(*) as "ppc" from categories group by ')
 2 SYSTEMPATH\CodeIgniter.php(919): App\Controllers\PostController->ejercicio08()
 3 SYSTEMPATH\CodeIgniter.php(494): CodeIgniter\CodeIgniter->runController(Object(App\Controllers\PostController))
 4 SYSTEMPATH\CodeIgniter.php(353): CodeIgniter\CodeIgniter->handleRequest(null, Object(Config\Cache), false)
 5 FCPATH\index.php(79): CodeIgniter\CodeIgniter->run()
 6 SYSTEMPATH\Commands\Server\rewrite.php(47): require_once('C:\\Users\\ardil\\Downloads\\blog\\public\\index.php')
CRITICAL - 2023-10-05 01:53:23 --> syntax error, unexpected identifier "ppc", expecting ")"
in APPPATH\Controllers\PostController.php on line 146.
 1 SYSTEMPATH\Autoloader\Autoloader.php(285): CodeIgniter\Autoloader\Autoloader->includeFile('C:\\Users\\ardil\\Downloads\\blog\\app\\Controllers\\PostController.php')
 2 SYSTEMPATH\Autoloader\Autoloader.php(263): CodeIgniter\Autoloader\Autoloader->loadInNamespace('App\\Controllers\\PostController')
 3 [internal function]: CodeIgniter\Autoloader\Autoloader->loadClass('App\\Controllers\\PostController')
 4 SYSTEMPATH\CodeIgniter.php(877): class_exists('\\App\\Controllers\\PostController', true)
 5 SYSTEMPATH\CodeIgniter.php(481): CodeIgniter\CodeIgniter->startController()
 6 SYSTEMPATH\CodeIgniter.php(353): CodeIgniter\CodeIgniter->handleRequest(null, Object(Config\Cache), false)
 7 FCPATH\index.php(79): CodeIgniter\CodeIgniter->run()
 8 SYSTEMPATH\Commands\Server\rewrite.php(47): require_once('C:\\Users\\ardil\\Downloads\\blog\\public\\index.php')
CRITICAL - 2023-10-05 01:58:59 --> Undefined variable $data
in APPPATH\Controllers\PostController.php on line 151.
 1 APPPATH\Controllers\PostController.php(151): CodeIgniter\Debug\Exceptions->errorHandler(2, 'Undefined variable $data', 'C:\\Users\\ardil\\Downloads\\blog\\app\\Controllers\\PostController.php', 151)
 2 SYSTEMPATH\CodeIgniter.php(919): App\Controllers\PostController->ejercicio08()
 3 SYSTEMPATH\CodeIgniter.php(494): CodeIgniter\CodeIgniter->runController(Object(App\Controllers\PostController))
 4 SYSTEMPATH\CodeIgniter.php(353): CodeIgniter\CodeIgniter->handleRequest(null, Object(Config\Cache), false)
 5 FCPATH\index.php(79): CodeIgniter\CodeIgniter->run()
 6 SYSTEMPATH\Commands\Server\rewrite.php(47): require_once('C:\\Users\\ardil\\Downloads\\blog\\public\\index.php')
CRITICAL - 2023-10-05 02:01:58 --> Undefined variable $postPorCategoria
in APPPATH\Views\posts\ejercicio08.php on line 32.
 1 APPPATH\Views\posts\ejercicio08.php(32): CodeIgniter\Debug\Exceptions->errorHandler(2, 'Undefined variable $postPorCategoria', 'C:\\Users\\ardil\\Downloads\\blog\\app\\Views\\posts\\ejercicio08.php', 32)
 2 SYSTEMPATH\View\View.php(226): include('C:\\Users\\ardil\\Downloads\\blog\\app\\Views\\posts\\ejercicio08.php')
 3 SYSTEMPATH\View\View.php(229): CodeIgniter\View\View->CodeIgniter\View\{closure}()
 4 SYSTEMPATH\Common.php(1188): CodeIgniter\View\View->render('posts/ejercicio08', [], true)
 5 APPPATH\Controllers\PostController.php(155): view('posts/ejercicio08', [...])
 6 SYSTEMPATH\CodeIgniter.php(919): App\Controllers\PostController->ejercicio08()
 7 SYSTEMPATH\CodeIgniter.php(494): CodeIgniter\CodeIgniter->runController(Object(App\Controllers\PostController))
 8 SYSTEMPATH\CodeIgniter.php(353): CodeIgniter\CodeIgniter->handleRequest(null, Object(Config\Cache), false)
 9 FCPATH\index.php(79): CodeIgniter\CodeIgniter->run()
10 SYSTEMPATH\Commands\Server\rewrite.php(47): require_once('C:\\Users\\ardil\\Downloads\\blog\\public\\index.php')
CRITICAL - 2023-10-05 02:03:05 --> Array to string conversion
in APPPATH\Views\posts\ejercicio08.php on line 32.
 1 APPPATH\Views\posts\ejercicio08.php(32): CodeIgniter\Debug\Exceptions->errorHandler(2, 'Array to string conversion', 'C:\\Users\\ardil\\Downloads\\blog\\app\\Views\\posts\\ejercicio08.php', 32)
 2 SYSTEMPATH\View\View.php(226): include('C:\\Users\\ardil\\Downloads\\blog\\app\\Views\\posts\\ejercicio08.php')
 3 SYSTEMPATH\View\View.php(229): CodeIgniter\View\View->CodeIgniter\View\{closure}()
 4 SYSTEMPATH\Common.php(1188): CodeIgniter\View\View->render('posts/ejercicio08', [], true)
 5 APPPATH\Controllers\PostController.php(155): view('posts/ejercicio08', [...])
 6 SYSTEMPATH\CodeIgniter.php(919): App\Controllers\PostController->ejercicio08()
 7 SYSTEMPATH\CodeIgniter.php(494): CodeIgniter\CodeIgniter->runController(Object(App\Controllers\PostController))
 8 SYSTEMPATH\CodeIgniter.php(353): CodeIgniter\CodeIgniter->handleRequest(null, Object(Config\Cache), false)
 9 FCPATH\index.php(79): CodeIgniter\CodeIgniter->run()
10 SYSTEMPATH\Commands\Server\rewrite.php(47): require_once('C:\\Users\\ardil\\Downloads\\blog\\public\\index.php')
CRITICAL - 2023-10-05 02:04:04 --> Cannot access offset of type string on string
in APPPATH\Views\posts\ejercicio08.php on line 32.
 1 SYSTEMPATH\View\View.php(226): include()
 2 SYSTEMPATH\View\View.php(229): CodeIgniter\View\View->CodeIgniter\View\{closure}()
 3 SYSTEMPATH\Common.php(1188): CodeIgniter\View\View->render('posts/ejercicio08', [], true)
 4 APPPATH\Controllers\PostController.php(155): view('posts/ejercicio08', [...])
 5 SYSTEMPATH\CodeIgniter.php(919): App\Controllers\PostController->ejercicio08()
 6 SYSTEMPATH\CodeIgniter.php(494): CodeIgniter\CodeIgniter->runController(Object(App\Controllers\PostController))
 7 SYSTEMPATH\CodeIgniter.php(353): CodeIgniter\CodeIgniter->handleRequest(null, Object(Config\Cache), false)
 8 FCPATH\index.php(79): CodeIgniter\CodeIgniter->run()
 9 SYSTEMPATH\Commands\Server\rewrite.php(47): require_once('C:\\Users\\ardil\\Downloads\\blog\\public\\index.php')
CRITICAL - 2023-10-05 02:04:20 --> Cannot access offset of type string on string
in APPPATH\Views\posts\ejercicio08.php on line 32.
 1 SYSTEMPATH\View\View.php(226): include()
 2 SYSTEMPATH\View\View.php(229): CodeIgniter\View\View->CodeIgniter\View\{closure}()
 3 SYSTEMPATH\Common.php(1188): CodeIgniter\View\View->render('posts/ejercicio08', [], true)
 4 APPPATH\Controllers\PostController.php(155): view('posts/ejercicio08', [...])
 5 SYSTEMPATH\CodeIgniter.php(919): App\Controllers\PostController->ejercicio08()
 6 SYSTEMPATH\CodeIgniter.php(494): CodeIgniter\CodeIgniter->runController(Object(App\Controllers\PostController))
 7 SYSTEMPATH\CodeIgniter.php(353): CodeIgniter\CodeIgniter->handleRequest(null, Object(Config\Cache), false)
 8 FCPATH\index.php(79): CodeIgniter\CodeIgniter->run()
 9 SYSTEMPATH\Commands\Server\rewrite.php(47): require_once('C:\\Users\\ardil\\Downloads\\blog\\public\\index.php')
CRITICAL - 2023-10-05 02:04:24 --> Cannot access offset of type string on string
in APPPATH\Views\posts\ejercicio08.php on line 32.
 1 SYSTEMPATH\View\View.php(226): include()
 2 SYSTEMPATH\View\View.php(229): CodeIgniter\View\View->CodeIgniter\View\{closure}()
 3 SYSTEMPATH\Common.php(1188): CodeIgniter\View\View->render('posts/ejercicio08', [], true)
 4 APPPATH\Controllers\PostController.php(155): view('posts/ejercicio08', [...])
 5 SYSTEMPATH\CodeIgniter.php(919): App\Controllers\PostController->ejercicio08()
 6 SYSTEMPATH\CodeIgniter.php(494): CodeIgniter\CodeIgniter->runController(Object(App\Controllers\PostController))
 7 SYSTEMPATH\CodeIgniter.php(353): CodeIgniter\CodeIgniter->handleRequest(null, Object(Config\Cache), false)
 8 FCPATH\index.php(79): CodeIgniter\CodeIgniter->run()
 9 SYSTEMPATH\Commands\Server\rewrite.php(47): require_once('C:\\Users\\ardil\\Downloads\\blog\\public\\index.php')
CRITICAL - 2023-10-05 02:04:28 --> Cannot access offset of type string on string
in APPPATH\Views\posts\ejercicio08.php on line 32.
 1 SYSTEMPATH\View\View.php(226): include()
 2 SYSTEMPATH\View\View.php(229): CodeIgniter\View\View->CodeIgniter\View\{closure}()
 3 SYSTEMPATH\Common.php(1188): CodeIgniter\View\View->render('posts/ejercicio08', [], true)
 4 APPPATH\Controllers\PostController.php(155): view('posts/ejercicio08', [...])
 5 SYSTEMPATH\CodeIgniter.php(919): App\Controllers\PostController->ejercicio08()
 6 SYSTEMPATH\CodeIgniter.php(494): CodeIgniter\CodeIgniter->runController(Object(App\Controllers\PostController))
 7 SYSTEMPATH\CodeIgniter.php(353): CodeIgniter\CodeIgniter->handleRequest(null, Object(Config\Cache), false)
 8 FCPATH\index.php(79): CodeIgniter\CodeIgniter->run()
 9 SYSTEMPATH\Commands\Server\rewrite.php(47): require_once('C:\\Users\\ardil\\Downloads\\blog\\public\\index.php')
CRITICAL - 2023-10-05 02:06:34 --> Undefined array key 0
in APPPATH\Views\posts\ejercicio08.php on line 32.
 1 APPPATH\Views\posts\ejercicio08.php(32): CodeIgniter\Debug\Exceptions->errorHandler(2, 'Undefined array key 0', 'C:\\Users\\ardil\\Downloads\\blog\\app\\Views\\posts\\ejercicio08.php', 32)
 2 SYSTEMPATH\View\View.php(226): include('C:\\Users\\ardil\\Downloads\\blog\\app\\Views\\posts\\ejercicio08.php')
 3 SYSTEMPATH\View\View.php(229): CodeIgniter\View\View->CodeIgniter\View\{closure}()
 4 SYSTEMPATH\Common.php(1188): CodeIgniter\View\View->render('posts/ejercicio08', [], true)
 5 APPPATH\Controllers\PostController.php(155): view('posts/ejercicio08', [...])
 6 SYSTEMPATH\CodeIgniter.php(919): App\Controllers\PostController->ejercicio08()
 7 SYSTEMPATH\CodeIgniter.php(494): CodeIgniter\CodeIgniter->runController(Object(App\Controllers\PostController))
 8 SYSTEMPATH\CodeIgniter.php(353): CodeIgniter\CodeIgniter->handleRequest(null, Object(Config\Cache), false)
 9 FCPATH\index.php(79): CodeIgniter\CodeIgniter->run()
10 SYSTEMPATH\Commands\Server\rewrite.php(47): require_once('C:\\Users\\ardil\\Downloads\\blog\\public\\index.php')
ERROR - 2023-10-05 02:29:34 --> mysqli_sql_exception: You have an error in your SQL syntax; check the manual that corresponds to your MariaDB server version for the right syntax to use near '* from categories group by category order by count(*) asc' at line 1 in C:\Users\ardil\Downloads\blog\system\Database\MySQLi\Connection.php:306
Stack trace:
#0 C:\Users\ardil\Downloads\blog\system\Database\MySQLi\Connection.php(306): mysqli->query('select category...', 0)
#1 C:\Users\ardil\Downloads\blog\system\Database\BaseConnection.php(692): CodeIgniter\Database\MySQLi\Connection->execute('select category...')
#2 C:\Users\ardil\Downloads\blog\system\Database\BaseConnection.php(606): CodeIgniter\Database\BaseConnection->simpleQuery('select category...')
#3 C:\Users\ardil\Downloads\blog\app\Controllers\PostController.php(146): CodeIgniter\Database\BaseConnection->query('select category...')
#4 C:\Users\ardil\Downloads\blog\system\CodeIgniter.php(919): App\Controllers\PostController->ejercicio08()
#5 C:\Users\ardil\Downloads\blog\system\CodeIgniter.php(494): CodeIgniter\CodeIgniter->runController(Object(App\Controllers\PostController))
#6 C:\Users\ardil\Downloads\blog\system\CodeIgniter.php(353): CodeIgniter\CodeIgniter->handleRequest(NULL, Object(Config\Cache), false)
#7 C:\Users\ardil\Downloads\blog\public\index.php(79): CodeIgniter\CodeIgniter->run()
#8 C:\Users\ardil\Downloads\blog\system\Commands\Server\rewrite.php(47): require_once('C:\\Users\\ardil\\...')
#9 {main}
CRITICAL - 2023-10-05 02:29:35 --> You have an error in your SQL syntax; check the manual that corresponds to your MariaDB server version for the right syntax to use near '* from categories group by category order by count(*) asc' at line 1
in SYSTEMPATH\Database\BaseConnection.php on line 646.
 1 APPPATH\Controllers\PostController.php(146): CodeIgniter\Database\BaseConnection->query('select category, count(*) as "ppc",* from categories group by category order by count(*) asc')
 2 SYSTEMPATH\CodeIgniter.php(919): App\Controllers\PostController->ejercicio08()
 3 SYSTEMPATH\CodeIgniter.php(494): CodeIgniter\CodeIgniter->runController(Object(App\Controllers\PostController))
 4 SYSTEMPATH\CodeIgniter.php(353): CodeIgniter\CodeIgniter->handleRequest(null, Object(Config\Cache), false)
 5 FCPATH\index.php(79): CodeIgniter\CodeIgniter->run()
 6 SYSTEMPATH\Commands\Server\rewrite.php(47): require_once('C:\\Users\\ardil\\Downloads\\blog\\public\\index.php')
CRITICAL - 2023-10-05 02:34:38 --> syntax error, unexpected token "}"
in APPPATH\Views\posts\ejercicio08.php on line 32.
 1 SYSTEMPATH\View\View.php(229): CodeIgniter\View\View->CodeIgniter\View\{closure}()
 2 SYSTEMPATH\Common.php(1188): CodeIgniter\View\View->render('posts/ejercicio08', [], true)
 3 APPPATH\Controllers\PostController.php(155): view('posts/ejercicio08', [...])
 4 SYSTEMPATH\CodeIgniter.php(919): App\Controllers\PostController->ejercicio08()
 5 SYSTEMPATH\CodeIgniter.php(494): CodeIgniter\CodeIgniter->runController(Object(App\Controllers\PostController))
 6 SYSTEMPATH\CodeIgniter.php(353): CodeIgniter\CodeIgniter->handleRequest(null, Object(Config\Cache), false)
 7 FCPATH\index.php(79): CodeIgniter\CodeIgniter->run()
 8 SYSTEMPATH\Commands\Server\rewrite.php(47): require_once('C:\\Users\\ardil\\Downloads\\blog\\public\\index.php')
CRITICAL - 2023-10-05 02:40:44 --> syntax error, unexpected token "elseif"
in APPPATH\Views\posts\ejercicio08.php on line 33.
 1 SYSTEMPATH\View\View.php(229): CodeIgniter\View\View->CodeIgniter\View\{closure}()
 2 SYSTEMPATH\Common.php(1188): CodeIgniter\View\View->render('posts/ejercicio08', [], true)
 3 APPPATH\Controllers\PostController.php(155): view('posts/ejercicio08', [...])
 4 SYSTEMPATH\CodeIgniter.php(919): App\Controllers\PostController->ejercicio08()
 5 SYSTEMPATH\CodeIgniter.php(494): CodeIgniter\CodeIgniter->runController(Object(App\Controllers\PostController))
 6 SYSTEMPATH\CodeIgniter.php(353): CodeIgniter\CodeIgniter->handleRequest(null, Object(Config\Cache), false)
 7 FCPATH\index.php(79): CodeIgniter\CodeIgniter->run()
 8 SYSTEMPATH\Commands\Server\rewrite.php(47): require_once('C:\\Users\\ardil\\Downloads\\blog\\public\\index.php')
CRITICAL - 2023-10-05 02:41:03 --> syntax error, unexpected token "endif"
in APPPATH\Views\posts\ejercicio08.php on line 35.
 1 SYSTEMPATH\View\View.php(229): CodeIgniter\View\View->CodeIgniter\View\{closure}()
 2 SYSTEMPATH\Common.php(1188): CodeIgniter\View\View->render('posts/ejercicio08', [], true)
 3 APPPATH\Controllers\PostController.php(155): view('posts/ejercicio08', [...])
 4 SYSTEMPATH\CodeIgniter.php(919): App\Controllers\PostController->ejercicio08()
 5 SYSTEMPATH\CodeIgniter.php(494): CodeIgniter\CodeIgniter->runController(Object(App\Controllers\PostController))
 6 SYSTEMPATH\CodeIgniter.php(353): CodeIgniter\CodeIgniter->handleRequest(null, Object(Config\Cache), false)
 7 FCPATH\index.php(79): CodeIgniter\CodeIgniter->run()
 8 SYSTEMPATH\Commands\Server\rewrite.php(47): require_once('C:\\Users\\ardil\\Downloads\\blog\\public\\index.php')
CRITICAL - 2023-10-05 02:43:21 --> Undefined variable $minC
in APPPATH\Views\posts\ejercicio08.php on line 20.
 1 APPPATH\Views\posts\ejercicio08.php(20): CodeIgniter\Debug\Exceptions->errorHandler(2, 'Undefined variable $minC', 'C:\\Users\\ardil\\Downloads\\blog\\app\\Views\\posts\\ejercicio08.php', 20)
 2 SYSTEMPATH\View\View.php(226): include('C:\\Users\\ardil\\Downloads\\blog\\app\\Views\\posts\\ejercicio08.php')
 3 SYSTEMPATH\View\View.php(229): CodeIgniter\View\View->CodeIgniter\View\{closure}()
 4 SYSTEMPATH\Common.php(1188): CodeIgniter\View\View->render('posts/ejercicio08', [], true)
 5 APPPATH\Controllers\PostController.php(155): view('posts/ejercicio08', [...])
 6 SYSTEMPATH\CodeIgniter.php(919): App\Controllers\PostController->ejercicio08()
 7 SYSTEMPATH\CodeIgniter.php(494): CodeIgniter\CodeIgniter->runController(Object(App\Controllers\PostController))
 8 SYSTEMPATH\CodeIgniter.php(353): CodeIgniter\CodeIgniter->handleRequest(null, Object(Config\Cache), false)
 9 FCPATH\index.php(79): CodeIgniter\CodeIgniter->run()
10 SYSTEMPATH\Commands\Server\rewrite.php(47): require_once('C:\\Users\\ardil\\Downloads\\blog\\public\\index.php')
CRITICAL - 2023-10-05 02:45:54 --> syntax error, unexpected token "==", expecting "->" or "?->" or "{" or "["
in APPPATH\Views\posts\ejercicio08.php on line 40.
 1 SYSTEMPATH\View\View.php(229): CodeIgniter\View\View->CodeIgniter\View\{closure}()
 2 SYSTEMPATH\Common.php(1188): CodeIgniter\View\View->render('posts/ejercicio08', [], true)
 3 APPPATH\Controllers\PostController.php(155): view('posts/ejercicio08', [...])
 4 SYSTEMPATH\CodeIgniter.php(919): App\Controllers\PostController->ejercicio08()
 5 SYSTEMPATH\CodeIgniter.php(494): CodeIgniter\CodeIgniter->runController(Object(App\Controllers\PostController))
 6 SYSTEMPATH\CodeIgniter.php(353): CodeIgniter\CodeIgniter->handleRequest(null, Object(Config\Cache), false)
 7 FCPATH\index.php(79): CodeIgniter\CodeIgniter->run()
 8 SYSTEMPATH\Commands\Server\rewrite.php(47): require_once('C:\\Users\\ardil\\Downloads\\blog\\public\\index.php')
CRITICAL - 2023-10-05 02:46:09 --> Array to string conversion
in APPPATH\Views\posts\ejercicio08.php on line 41.
 1 APPPATH\Views\posts\ejercicio08.php(41): CodeIgniter\Debug\Exceptions->errorHandler(2, 'Array to string conversion', 'C:\\Users\\ardil\\Downloads\\blog\\app\\Views\\posts\\ejercicio08.php', 41)
 2 SYSTEMPATH\View\View.php(226): include('C:\\Users\\ardil\\Downloads\\blog\\app\\Views\\posts\\ejercicio08.php')
 3 SYSTEMPATH\View\View.php(229): CodeIgniter\View\View->CodeIgniter\View\{closure}()
 4 SYSTEMPATH\Common.php(1188): CodeIgniter\View\View->render('posts/ejercicio08', [], true)
 5 APPPATH\Controllers\PostController.php(155): view('posts/ejercicio08', [...])
 6 SYSTEMPATH\CodeIgniter.php(919): App\Controllers\PostController->ejercicio08()
 7 SYSTEMPATH\CodeIgniter.php(494): CodeIgniter\CodeIgniter->runController(Object(App\Controllers\PostController))
 8 SYSTEMPATH\CodeIgniter.php(353): CodeIgniter\CodeIgniter->handleRequest(null, Object(Config\Cache), false)
 9 FCPATH\index.php(79): CodeIgniter\CodeIgniter->run()
10 SYSTEMPATH\Commands\Server\rewrite.php(47): require_once('C:\\Users\\ardil\\Downloads\\blog\\public\\index.php')
CRITICAL - 2023-10-05 02:53:09 --> syntax error, unexpected token "elseif"
in APPPATH\Views\posts\ejercicio08.php on line 25.
 1 SYSTEMPATH\View\View.php(229): CodeIgniter\View\View->CodeIgniter\View\{closure}()
 2 SYSTEMPATH\Common.php(1188): CodeIgniter\View\View->render('posts/ejercicio08', [], true)
 3 APPPATH\Controllers\PostController.php(155): view('posts/ejercicio08', [...])
 4 SYSTEMPATH\CodeIgniter.php(919): App\Controllers\PostController->ejercicio08()
 5 SYSTEMPATH\CodeIgniter.php(494): CodeIgniter\CodeIgniter->runController(Object(App\Controllers\PostController))
 6 SYSTEMPATH\CodeIgniter.php(353): CodeIgniter\CodeIgniter->handleRequest(null, Object(Config\Cache), false)
 7 FCPATH\index.php(79): CodeIgniter\CodeIgniter->run()
 8 SYSTEMPATH\Commands\Server\rewrite.php(47): require_once('C:\\Users\\ardil\\Downloads\\blog\\public\\index.php')
CRITICAL - 2023-10-05 02:59:48 --> Undefined array key "category"
in APPPATH\Views\posts\ejercicio08.php on line 44.
 1 APPPATH\Views\posts\ejercicio08.php(44): CodeIgniter\Debug\Exceptions->errorHandler(2, 'Undefined array key "category"', 'C:\\Users\\ardil\\Downloads\\blog\\app\\Views\\posts\\ejercicio08.php', 44)
 2 SYSTEMPATH\View\View.php(226): include('C:\\Users\\ardil\\Downloads\\blog\\app\\Views\\posts\\ejercicio08.php')
 3 SYSTEMPATH\View\View.php(229): CodeIgniter\View\View->CodeIgniter\View\{closure}()
 4 SYSTEMPATH\Common.php(1188): CodeIgniter\View\View->render('posts/ejercicio08', [], true)
 5 APPPATH\Controllers\PostController.php(155): view('posts/ejercicio08', [...])
 6 SYSTEMPATH\CodeIgniter.php(919): App\Controllers\PostController->ejercicio08()
 7 SYSTEMPATH\CodeIgniter.php(494): CodeIgniter\CodeIgniter->runController(Object(App\Controllers\PostController))
 8 SYSTEMPATH\CodeIgniter.php(353): CodeIgniter\CodeIgniter->handleRequest(null, Object(Config\Cache), false)
 9 FCPATH\index.php(79): CodeIgniter\CodeIgniter->run()
10 SYSTEMPATH\Commands\Server\rewrite.php(47): require_once('C:\\Users\\ardil\\Downloads\\blog\\public\\index.php')
CRITICAL - 2023-10-05 03:00:23 --> Undefined array key "category"
in APPPATH\Views\posts\ejercicio08.php on line 44.
 1 APPPATH\Views\posts\ejercicio08.php(44): CodeIgniter\Debug\Exceptions->errorHandler(2, 'Undefined array key "category"', 'C:\\Users\\ardil\\Downloads\\blog\\app\\Views\\posts\\ejercicio08.php', 44)
 2 SYSTEMPATH\View\View.php(226): include('C:\\Users\\ardil\\Downloads\\blog\\app\\Views\\posts\\ejercicio08.php')
 3 SYSTEMPATH\View\View.php(229): CodeIgniter\View\View->CodeIgniter\View\{closure}()
 4 SYSTEMPATH\Common.php(1188): CodeIgniter\View\View->render('posts/ejercicio08', [], true)
 5 APPPATH\Controllers\PostController.php(155): view('posts/ejercicio08', [...])
 6 SYSTEMPATH\CodeIgniter.php(919): App\Controllers\PostController->ejercicio08()
 7 SYSTEMPATH\CodeIgniter.php(494): CodeIgniter\CodeIgniter->runController(Object(App\Controllers\PostController))
 8 SYSTEMPATH\CodeIgniter.php(353): CodeIgniter\CodeIgniter->handleRequest(null, Object(Config\Cache), false)
 9 FCPATH\index.php(79): CodeIgniter\CodeIgniter->run()
10 SYSTEMPATH\Commands\Server\rewrite.php(47): require_once('C:\\Users\\ardil\\Downloads\\blog\\public\\index.php')
CRITICAL - 2023-10-05 03:01:13 --> Undefined array key "category"
in APPPATH\Views\posts\ejercicio08.php on line 46.
 1 APPPATH\Views\posts\ejercicio08.php(46): CodeIgniter\Debug\Exceptions->errorHandler(2, 'Undefined array key "category"', 'C:\\Users\\ardil\\Downloads\\blog\\app\\Views\\posts\\ejercicio08.php', 46)
 2 SYSTEMPATH\View\View.php(226): include('C:\\Users\\ardil\\Downloads\\blog\\app\\Views\\posts\\ejercicio08.php')
 3 SYSTEMPATH\View\View.php(229): CodeIgniter\View\View->CodeIgniter\View\{closure}()
 4 SYSTEMPATH\Common.php(1188): CodeIgniter\View\View->render('posts/ejercicio08', [], true)
 5 APPPATH\Controllers\PostController.php(155): view('posts/ejercicio08', [...])
 6 SYSTEMPATH\CodeIgniter.php(919): App\Controllers\PostController->ejercicio08()
 7 SYSTEMPATH\CodeIgniter.php(494): CodeIgniter\CodeIgniter->runController(Object(App\Controllers\PostController))
 8 SYSTEMPATH\CodeIgniter.php(353): CodeIgniter\CodeIgniter->handleRequest(null, Object(Config\Cache), false)
 9 FCPATH\index.php(79): CodeIgniter\CodeIgniter->run()
10 SYSTEMPATH\Commands\Server\rewrite.php(47): require_once('C:\\Users\\ardil\\Downloads\\blog\\public\\index.php')
CRITICAL - 2023-10-05 03:03:15 --> Undefined array key "category"
in APPPATH\Views\posts\ejercicio08.php on line 44.
 1 APPPATH\Views\posts\ejercicio08.php(44): CodeIgniter\Debug\Exceptions->errorHandler(2, 'Undefined array key "category"', 'C:\\Users\\ardil\\Downloads\\blog\\app\\Views\\posts\\ejercicio08.php', 44)
 2 SYSTEMPATH\View\View.php(226): include('C:\\Users\\ardil\\Downloads\\blog\\app\\Views\\posts\\ejercicio08.php')
 3 SYSTEMPATH\View\View.php(229): CodeIgniter\View\View->CodeIgniter\View\{closure}()
 4 SYSTEMPATH\Common.php(1188): CodeIgniter\View\View->render('posts/ejercicio08', [], true)
 5 APPPATH\Controllers\PostController.php(155): view('posts/ejercicio08', [...])
 6 SYSTEMPATH\CodeIgniter.php(919): App\Controllers\PostController->ejercicio08()
 7 SYSTEMPATH\CodeIgniter.php(494): CodeIgniter\CodeIgniter->runController(Object(App\Controllers\PostController))
 8 SYSTEMPATH\CodeIgniter.php(353): CodeIgniter\CodeIgniter->handleRequest(null, Object(Config\Cache), false)
 9 FCPATH\index.php(79): CodeIgniter\CodeIgniter->run()
10 SYSTEMPATH\Commands\Server\rewrite.php(47): require_once('C:\\Users\\ardil\\Downloads\\blog\\public\\index.php')
CRITICAL - 2023-10-05 03:03:33 --> Undefined array key "category"
in APPPATH\Views\posts\ejercicio08.php on line 32.
 1 APPPATH\Views\posts\ejercicio08.php(32): CodeIgniter\Debug\Exceptions->errorHandler(2, 'Undefined array key "category"', 'C:\\Users\\ardil\\Downloads\\blog\\app\\Views\\posts\\ejercicio08.php', 32)
 2 SYSTEMPATH\View\View.php(226): include('C:\\Users\\ardil\\Downloads\\blog\\app\\Views\\posts\\ejercicio08.php')
 3 SYSTEMPATH\View\View.php(229): CodeIgniter\View\View->CodeIgniter\View\{closure}()
 4 SYSTEMPATH\Common.php(1188): CodeIgniter\View\View->render('posts/ejercicio08', [], true)
 5 APPPATH\Controllers\PostController.php(155): view('posts/ejercicio08', [...])
 6 SYSTEMPATH\CodeIgniter.php(919): App\Controllers\PostController->ejercicio08()
 7 SYSTEMPATH\CodeIgniter.php(494): CodeIgniter\CodeIgniter->runController(Object(App\Controllers\PostController))
 8 SYSTEMPATH\CodeIgniter.php(353): CodeIgniter\CodeIgniter->handleRequest(null, Object(Config\Cache), false)
 9 FCPATH\index.php(79): CodeIgniter\CodeIgniter->run()
10 SYSTEMPATH\Commands\Server\rewrite.php(47): require_once('C:\\Users\\ardil\\Downloads\\blog\\public\\index.php')
CRITICAL - 2023-10-05 03:04:19 --> Undefined array key "ppa"
in APPPATH\Views\posts\ejercicio08.php on line 46.
 1 APPPATH\Views\posts\ejercicio08.php(46): CodeIgniter\Debug\Exceptions->errorHandler(2, 'Undefined array key "ppa"', 'C:\\Users\\ardil\\Downloads\\blog\\app\\Views\\posts\\ejercicio08.php', 46)
 2 SYSTEMPATH\View\View.php(226): include('C:\\Users\\ardil\\Downloads\\blog\\app\\Views\\posts\\ejercicio08.php')
 3 SYSTEMPATH\View\View.php(229): CodeIgniter\View\View->CodeIgniter\View\{closure}()
 4 SYSTEMPATH\Common.php(1188): CodeIgniter\View\View->render('posts/ejercicio08', [], true)
 5 APPPATH\Controllers\PostController.php(155): view('posts/ejercicio08', [...])
 6 SYSTEMPATH\CodeIgniter.php(919): App\Controllers\PostController->ejercicio08()
 7 SYSTEMPATH\CodeIgniter.php(494): CodeIgniter\CodeIgniter->runController(Object(App\Controllers\PostController))
 8 SYSTEMPATH\CodeIgniter.php(353): CodeIgniter\CodeIgniter->handleRequest(null, Object(Config\Cache), false)
 9 FCPATH\index.php(79): CodeIgniter\CodeIgniter->run()
10 SYSTEMPATH\Commands\Server\rewrite.php(47): require_once('C:\\Users\\ardil\\Downloads\\blog\\public\\index.php')
ERROR - 2023-10-05 03:14:12 --> mysqli_sql_exception: Table 'blog.profile' doesn't exist in C:\Users\ardil\Downloads\blog\system\Database\MySQLi\Connection.php:306
Stack trace:
#0 C:\Users\ardil\Downloads\blog\system\Database\MySQLi\Connection.php(306): mysqli->query('select * from p...', 0)
#1 C:\Users\ardil\Downloads\blog\system\Database\BaseConnection.php(692): CodeIgniter\Database\MySQLi\Connection->execute('select * from p...')
#2 C:\Users\ardil\Downloads\blog\system\Database\BaseConnection.php(606): CodeIgniter\Database\BaseConnection->simpleQuery('select * from p...')
#3 C:\Users\ardil\Downloads\blog\app\Controllers\PostController.php(165): CodeIgniter\Database\BaseConnection->query('select * from p...')
#4 C:\Users\ardil\Downloads\blog\system\CodeIgniter.php(919): App\Controllers\PostController->ejercicio09()
#5 C:\Users\ardil\Downloads\blog\system\CodeIgniter.php(494): CodeIgniter\CodeIgniter->runController(Object(App\Controllers\PostController))
#6 C:\Users\ardil\Downloads\blog\system\CodeIgniter.php(353): CodeIgniter\CodeIgniter->handleRequest(NULL, Object(Config\Cache), false)
#7 C:\Users\ardil\Downloads\blog\public\index.php(79): CodeIgniter\CodeIgniter->run()
#8 C:\Users\ardil\Downloads\blog\system\Commands\Server\rewrite.php(47): require_once('C:\\Users\\ardil\\...')
#9 {main}
CRITICAL - 2023-10-05 03:14:12 --> Table 'blog.profile' doesn't exist
in SYSTEMPATH\Database\BaseConnection.php on line 646.
 1 APPPATH\Controllers\PostController.php(165): CodeIgniter\Database\BaseConnection->query('select * from profile limit 20')
 2 SYSTEMPATH\CodeIgniter.php(919): App\Controllers\PostController->ejercicio09()
 3 SYSTEMPATH\CodeIgniter.php(494): CodeIgniter\CodeIgniter->runController(Object(App\Controllers\PostController))
 4 SYSTEMPATH\CodeIgniter.php(353): CodeIgniter\CodeIgniter->handleRequest(null, Object(Config\Cache), false)
 5 FCPATH\index.php(79): CodeIgniter\CodeIgniter->run()
 6 SYSTEMPATH\Commands\Server\rewrite.php(47): require_once('C:\\Users\\ardil\\Downloads\\blog\\public\\index.php')
ERROR - 2023-10-05 03:43:04 --> mysqli_sql_exception: Unknown column 'ui.age' in 'where clause' in C:\Users\ardil\Downloads\blog\system\Database\MySQLi\Connection.php:306
Stack trace:
#0 C:\Users\ardil\Downloads\blog\system\Database\MySQLi\Connection.php(306): mysqli->query('select * from p...', 0)
#1 C:\Users\ardil\Downloads\blog\system\Database\BaseConnection.php(692): CodeIgniter\Database\MySQLi\Connection->execute('select * from p...')
#2 C:\Users\ardil\Downloads\blog\system\Database\BaseConnection.php(606): CodeIgniter\Database\BaseConnection->simpleQuery('select * from p...')
#3 C:\Users\ardil\Downloads\blog\app\Controllers\PostController.php(180): CodeIgniter\Database\BaseConnection->query('select * from p...')
#4 C:\Users\ardil\Downloads\blog\system\CodeIgniter.php(919): App\Controllers\PostController->ejercicio10()
#5 C:\Users\ardil\Downloads\blog\system\CodeIgniter.php(494): CodeIgniter\CodeIgniter->runController(Object(App\Controllers\PostController))
#6 C:\Users\ardil\Downloads\blog\system\CodeIgniter.php(353): CodeIgniter\CodeIgniter->handleRequest(NULL, Object(Config\Cache), false)
#7 C:\Users\ardil\Downloads\blog\public\index.php(79): CodeIgniter\CodeIgniter->run()
#8 C:\Users\ardil\Downloads\blog\system\Commands\Server\rewrite.php(47): require_once('C:\\Users\\ardil\\...')
#9 {main}
CRITICAL - 2023-10-05 03:43:05 --> Unknown column 'ui.age' in 'where clause'
in SYSTEMPATH\Database\BaseConnection.php on line 646.
 1 APPPATH\Controllers\PostController.php(180): CodeIgniter\Database\BaseConnection->query('select * from posts as p
                            left join users as u on p.autor =u.id
                            left join userinfo as ui on u.id=ui.id
                            where ui.age <30 limit 20')
 2 SYSTEMPATH\CodeIgniter.php(919): App\Controllers\PostController->ejercicio10()
 3 SYSTEMPATH\CodeIgniter.php(494): CodeIgniter\CodeIgniter->runController(Object(App\Controllers\PostController))
 4 SYSTEMPATH\CodeIgniter.php(353): CodeIgniter\CodeIgniter->handleRequest(null, Object(Config\Cache), false)
 5 FCPATH\index.php(79): CodeIgniter\CodeIgniter->run()
 6 SYSTEMPATH\Commands\Server\rewrite.php(47): require_once('C:\\Users\\ardil\\Downloads\\blog\\public\\index.php')
ERROR - 2023-10-05 03:50:51 --> mysqli_sql_exception: Table 'blog.ui' doesn't exist in C:\Users\ardil\Downloads\blog\system\Database\MySQLi\Connection.php:306
Stack trace:
#0 C:\Users\ardil\Downloads\blog\system\Database\MySQLi\Connection.php(306): mysqli->query('select * from u...', 0)
#1 C:\Users\ardil\Downloads\blog\system\Database\BaseConnection.php(692): CodeIgniter\Database\MySQLi\Connection->execute('select * from u...')
#2 C:\Users\ardil\Downloads\blog\system\Database\BaseConnection.php(606): CodeIgniter\Database\BaseConnection->simpleQuery('select * from u...')
#3 C:\Users\ardil\Downloads\blog\app\Controllers\PostController.php(180): CodeIgniter\Database\BaseConnection->query('select * from u...')
#4 C:\Users\ardil\Downloads\blog\system\CodeIgniter.php(919): App\Controllers\PostController->ejercicio10()
#5 C:\Users\ardil\Downloads\blog\system\CodeIgniter.php(494): CodeIgniter\CodeIgniter->runController(Object(App\Controllers\PostController))
#6 C:\Users\ardil\Downloads\blog\system\CodeIgniter.php(353): CodeIgniter\CodeIgniter->handleRequest(NULL, Object(Config\Cache), false)
#7 C:\Users\ardil\Downloads\blog\public\index.php(79): CodeIgniter\CodeIgniter->run()
#8 C:\Users\ardil\Downloads\blog\system\Commands\Server\rewrite.php(47): require_once('C:\\Users\\ardil\\...')
#9 {main}
CRITICAL - 2023-10-05 03:50:51 --> Table 'blog.ui' doesn't exist
in SYSTEMPATH\Database\BaseConnection.php on line 646.
 1 APPPATH\Controllers\PostController.php(180): CodeIgniter\Database\BaseConnection->query('select * from ui as ui
                            right join users as u on ui.id = u.id 
                            left join post as p on u.id = p.autor
                            where ui.birthday between "1993/01/01" and "2023/12/31" limit 20')
 2 SYSTEMPATH\CodeIgniter.php(919): App\Controllers\PostController->ejercicio10()
 3 SYSTEMPATH\CodeIgniter.php(494): CodeIgniter\CodeIgniter->runController(Object(App\Controllers\PostController))
 4 SYSTEMPATH\CodeIgniter.php(353): CodeIgniter\CodeIgniter->handleRequest(null, Object(Config\Cache), false)
 5 FCPATH\index.php(79): CodeIgniter\CodeIgniter->run()
 6 SYSTEMPATH\Commands\Server\rewrite.php(47): require_once('C:\\Users\\ardil\\Downloads\\blog\\public\\index.php')
ERROR - 2023-10-05 03:51:02 --> mysqli_sql_exception: Table 'blog.post' doesn't exist in C:\Users\ardil\Downloads\blog\system\Database\MySQLi\Connection.php:306
Stack trace:
#0 C:\Users\ardil\Downloads\blog\system\Database\MySQLi\Connection.php(306): mysqli->query('select * from u...', 0)
#1 C:\Users\ardil\Downloads\blog\system\Database\BaseConnection.php(692): CodeIgniter\Database\MySQLi\Connection->execute('select * from u...')
#2 C:\Users\ardil\Downloads\blog\system\Database\BaseConnection.php(606): CodeIgniter\Database\BaseConnection->simpleQuery('select * from u...')
#3 C:\Users\ardil\Downloads\blog\app\Controllers\PostController.php(180): CodeIgniter\Database\BaseConnection->query('select * from u...')
#4 C:\Users\ardil\Downloads\blog\system\CodeIgniter.php(919): App\Controllers\PostController->ejercicio10()
#5 C:\Users\ardil\Downloads\blog\system\CodeIgniter.php(494): CodeIgniter\CodeIgniter->runController(Object(App\Controllers\PostController))
#6 C:\Users\ardil\Downloads\blog\system\CodeIgniter.php(353): CodeIgniter\CodeIgniter->handleRequest(NULL, Object(Config\Cache), false)
#7 C:\Users\ardil\Downloads\blog\public\index.php(79): CodeIgniter\CodeIgniter->run()
#8 C:\Users\ardil\Downloads\blog\system\Commands\Server\rewrite.php(47): require_once('C:\\Users\\ardil\\...')
#9 {main}
CRITICAL - 2023-10-05 03:51:02 --> Table 'blog.post' doesn't exist
in SYSTEMPATH\Database\BaseConnection.php on line 646.
 1 APPPATH\Controllers\PostController.php(180): CodeIgniter\Database\BaseConnection->query('select * from userinfo as ui
                            right join users as u on ui.id = u.id 
                            left join post as p on u.id = p.autor
                            where ui.birthday between "1993/01/01" and "2023/12/31" limit 20')
 2 SYSTEMPATH\CodeIgniter.php(919): App\Controllers\PostController->ejercicio10()
 3 SYSTEMPATH\CodeIgniter.php(494): CodeIgniter\CodeIgniter->runController(Object(App\Controllers\PostController))
 4 SYSTEMPATH\CodeIgniter.php(353): CodeIgniter\CodeIgniter->handleRequest(null, Object(Config\Cache), false)
 5 FCPATH\index.php(79): CodeIgniter\CodeIgniter->run()
 6 SYSTEMPATH\Commands\Server\rewrite.php(47): require_once('C:\\Users\\ardil\\Downloads\\blog\\public\\index.php')
ERROR - 2023-10-05 03:56:38 --> mysqli_sql_exception: You have an error in your SQL syntax; check the manual that corresponds to your MariaDB server version for the right syntax to use near '*) from posts as p
                            left join users as u on p.aut...' at line 1 in C:\Users\ardil\Downloads\blog\system\Database\MySQLi\Connection.php:306
Stack trace:
#0 C:\Users\ardil\Downloads\blog\system\Database\MySQLi\Connection.php(306): mysqli->query('select count(p....', 0)
#1 C:\Users\ardil\Downloads\blog\system\Database\BaseConnection.php(692): CodeIgniter\Database\MySQLi\Connection->execute('select count(p....')
#2 C:\Users\ardil\Downloads\blog\system\Database\BaseConnection.php(606): CodeIgniter\Database\BaseConnection->simpleQuery('select count(p....')
#3 C:\Users\ardil\Downloads\blog\app\Controllers\PostController.php(180): CodeIgniter\Database\BaseConnection->query('select count(p....')
#4 C:\Users\ardil\Downloads\blog\system\CodeIgniter.php(919): App\Controllers\PostController->ejercicio10()
#5 C:\Users\ardil\Downloads\blog\system\CodeIgniter.php(494): CodeIgniter\CodeIgniter->runController(Object(App\Controllers\PostController))
#6 C:\Users\ardil\Downloads\blog\system\CodeIgniter.php(353): CodeIgniter\CodeIgniter->handleRequest(NULL, Object(Config\Cache), false)
#7 C:\Users\ardil\Downloads\blog\public\index.php(79): CodeIgniter\CodeIgniter->run()
#8 C:\Users\ardil\Downloads\blog\system\Commands\Server\rewrite.php(47): require_once('C:\\Users\\ardil\\...')
#9 {main}
CRITICAL - 2023-10-05 03:56:38 --> You have an error in your SQL syntax; check the manual that corresponds to your MariaDB server version for the right syntax to use near '*) from posts as p
                            left join users as u on p.aut...' at line 1
in SYSTEMPATH\Database\BaseConnection.php on line 646.
 1 APPPATH\Controllers\PostController.php(180): CodeIgniter\Database\BaseConnection->query('select count(p.*) from posts as p
                            left join users as u on p.autor =u.id
                            left join userinfo as ui on u.id=ui.id
                            group by u.username limit 20')
 2 SYSTEMPATH\CodeIgniter.php(919): App\Controllers\PostController->ejercicio10()
 3 SYSTEMPATH\CodeIgniter.php(494): CodeIgniter\CodeIgniter->runController(Object(App\Controllers\PostController))
 4 SYSTEMPATH\CodeIgniter.php(353): CodeIgniter\CodeIgniter->handleRequest(null, Object(Config\Cache), false)
 5 FCPATH\index.php(79): CodeIgniter\CodeIgniter->run()
 6 SYSTEMPATH\Commands\Server\rewrite.php(47): require_once('C:\\Users\\ardil\\Downloads\\blog\\public\\index.php')
ERROR - 2023-10-05 03:56:54 --> mysqli_sql_exception: You have an error in your SQL syntax; check the manual that corresponds to your MariaDB server version for the right syntax to use near '*) from posts as p
                            left join users as u on p.aut...' at line 1 in C:\Users\ardil\Downloads\blog\system\Database\MySQLi\Connection.php:306
Stack trace:
#0 C:\Users\ardil\Downloads\blog\system\Database\MySQLi\Connection.php(306): mysqli->query('select count(p....', 0)
#1 C:\Users\ardil\Downloads\blog\system\Database\BaseConnection.php(692): CodeIgniter\Database\MySQLi\Connection->execute('select count(p....')
#2 C:\Users\ardil\Downloads\blog\system\Database\BaseConnection.php(606): CodeIgniter\Database\BaseConnection->simpleQuery('select count(p....')
#3 C:\Users\ardil\Downloads\blog\app\Controllers\PostController.php(180): CodeIgniter\Database\BaseConnection->query('select count(p....')
#4 C:\Users\ardil\Downloads\blog\system\CodeIgniter.php(919): App\Controllers\PostController->ejercicio10()
#5 C:\Users\ardil\Downloads\blog\system\CodeIgniter.php(494): CodeIgniter\CodeIgniter->runController(Object(App\Controllers\PostController))
#6 C:\Users\ardil\Downloads\blog\system\CodeIgniter.php(353): CodeIgniter\CodeIgniter->handleRequest(NULL, Object(Config\Cache), false)
#7 C:\Users\ardil\Downloads\blog\public\index.php(79): CodeIgniter\CodeIgniter->run()
#8 C:\Users\ardil\Downloads\blog\system\Commands\Server\rewrite.php(47): require_once('C:\\Users\\ardil\\...')
#9 {main}
CRITICAL - 2023-10-05 03:56:55 --> You have an error in your SQL syntax; check the manual that corresponds to your MariaDB server version for the right syntax to use near '*) from posts as p
                            left join users as u on p.aut...' at line 1
in SYSTEMPATH\Database\BaseConnection.php on line 646.
 1 APPPATH\Controllers\PostController.php(180): CodeIgniter\Database\BaseConnection->query('select count(p.*) from posts as p
                            left join users as u on p.autor =u.id
                            left join userinfo as ui on u.id=ui.id
                            group by u.username limit 20')
 2 SYSTEMPATH\CodeIgniter.php(919): App\Controllers\PostController->ejercicio10()
 3 SYSTEMPATH\CodeIgniter.php(494): CodeIgniter\CodeIgniter->runController(Object(App\Controllers\PostController))
 4 SYSTEMPATH\CodeIgniter.php(353): CodeIgniter\CodeIgniter->handleRequest(null, Object(Config\Cache), false)
 5 FCPATH\index.php(79): CodeIgniter\CodeIgniter->run()
 6 SYSTEMPATH\Commands\Server\rewrite.php(47): require_once('C:\\Users\\ardil\\Downloads\\blog\\public\\index.php')
ERROR - 2023-10-05 03:58:02 --> mysqli_sql_exception: You have an error in your SQL syntax; check the manual that corresponds to your MariaDB server version for the right syntax to use near 'where ui.gender=""limit 20' at line 4 in C:\Users\ardil\Downloads\blog\system\Database\MySQLi\Connection.php:306
Stack trace:
#0 C:\Users\ardil\Downloads\blog\system\Database\MySQLi\Connection.php(306): mysqli->query('select u.userna...', 0)
#1 C:\Users\ardil\Downloads\blog\system\Database\BaseConnection.php(692): CodeIgniter\Database\MySQLi\Connection->execute('select u.userna...')
#2 C:\Users\ardil\Downloads\blog\system\Database\BaseConnection.php(606): CodeIgniter\Database\BaseConnection->simpleQuery('select u.userna...')
#3 C:\Users\ardil\Downloads\blog\app\Controllers\PostController.php(180): CodeIgniter\Database\BaseConnection->query('select u.userna...')
#4 C:\Users\ardil\Downloads\blog\system\CodeIgniter.php(919): App\Controllers\PostController->ejercicio10()
#5 C:\Users\ardil\Downloads\blog\system\CodeIgniter.php(494): CodeIgniter\CodeIgniter->runController(Object(App\Controllers\PostController))
#6 C:\Users\ardil\Downloads\blog\system\CodeIgniter.php(353): CodeIgniter\CodeIgniter->handleRequest(NULL, Object(Config\Cache), false)
#7 C:\Users\ardil\Downloads\blog\public\index.php(79): CodeIgniter\CodeIgniter->run()
#8 C:\Users\ardil\Downloads\blog\system\Commands\Server\rewrite.php(47): require_once('C:\\Users\\ardil\\...')
#9 {main}
CRITICAL - 2023-10-05 03:58:02 --> You have an error in your SQL syntax; check the manual that corresponds to your MariaDB server version for the right syntax to use near 'where ui.gender=""limit 20' at line 4
in SYSTEMPATH\Database\BaseConnection.php on line 646.
 1 APPPATH\Controllers\PostController.php(180): CodeIgniter\Database\BaseConnection->query('select u.username, ui.gender,count(*) from posts as p
                            left join users as u on p.autor =u.id
                            left join userinfo as ui on u.id=ui.id
                            group by u.username where ui.gender=""limit 20')
 2 SYSTEMPATH\CodeIgniter.php(919): App\Controllers\PostController->ejercicio10()
 3 SYSTEMPATH\CodeIgniter.php(494): CodeIgniter\CodeIgniter->runController(Object(App\Controllers\PostController))
 4 SYSTEMPATH\CodeIgniter.php(353): CodeIgniter\CodeIgniter->handleRequest(null, Object(Config\Cache), false)
 5 FCPATH\index.php(79): CodeIgniter\CodeIgniter->run()
 6 SYSTEMPATH\Commands\Server\rewrite.php(47): require_once('C:\\Users\\ardil\\Downloads\\blog\\public\\index.php')
ERROR - 2023-10-05 04:00:52 --> mysqli_sql_exception: Unknown column 'p.created' in 'field list' in C:\Users\ardil\Downloads\blog\system\Database\MySQLi\Connection.php:306
Stack trace:
#0 C:\Users\ardil\Downloads\blog\system\Database\MySQLi\Connection.php(306): mysqli->query('select u.userna...', 0)
#1 C:\Users\ardil\Downloads\blog\system\Database\BaseConnection.php(692): CodeIgniter\Database\MySQLi\Connection->execute('select u.userna...')
#2 C:\Users\ardil\Downloads\blog\system\Database\BaseConnection.php(606): CodeIgniter\Database\BaseConnection->simpleQuery('select u.userna...')
#3 C:\Users\ardil\Downloads\blog\app\Controllers\PostController.php(180): CodeIgniter\Database\BaseConnection->query('select u.userna...')
#4 C:\Users\ardil\Downloads\blog\system\CodeIgniter.php(919): App\Controllers\PostController->ejercicio10()
#5 C:\Users\ardil\Downloads\blog\system\CodeIgniter.php(494): CodeIgniter\CodeIgniter->runController(Object(App\Controllers\PostController))
#6 C:\Users\ardil\Downloads\blog\system\CodeIgniter.php(353): CodeIgniter\CodeIgniter->handleRequest(NULL, Object(Config\Cache), false)
#7 C:\Users\ardil\Downloads\blog\public\index.php(79): CodeIgniter\CodeIgniter->run()
#8 C:\Users\ardil\Downloads\blog\system\Commands\Server\rewrite.php(47): require_once('C:\\Users\\ardil\\...')
#9 {main}
CRITICAL - 2023-10-05 04:00:52 --> Unknown column 'p.created' in 'field list'
in SYSTEMPATH\Database\BaseConnection.php on line 646.
 1 APPPATH\Controllers\PostController.php(180): CodeIgniter\Database\BaseConnection->query('select u.username, ui.gender,p.created from posts as p
                            left join users as u on p.autor =u.id
                            left join userinfo as ui on u.id=ui.id
                            where ui.gender="m" group by u.username  limit 20')
 2 SYSTEMPATH\CodeIgniter.php(919): App\Controllers\PostController->ejercicio10()
 3 SYSTEMPATH\CodeIgniter.php(494): CodeIgniter\CodeIgniter->runController(Object(App\Controllers\PostController))
 4 SYSTEMPATH\CodeIgniter.php(353): CodeIgniter\CodeIgniter->handleRequest(null, Object(Config\Cache), false)
 5 FCPATH\index.php(79): CodeIgniter\CodeIgniter->run()
 6 SYSTEMPATH\Commands\Server\rewrite.php(47): require_once('C:\\Users\\ardil\\Downloads\\blog\\public\\index.php')
ERROR - 2023-10-05 04:00:56 --> mysqli_sql_exception: Unknown column 'p.created' in 'field list' in C:\Users\ardil\Downloads\blog\system\Database\MySQLi\Connection.php:306
Stack trace:
#0 C:\Users\ardil\Downloads\blog\system\Database\MySQLi\Connection.php(306): mysqli->query('select u.userna...', 0)
#1 C:\Users\ardil\Downloads\blog\system\Database\BaseConnection.php(692): CodeIgniter\Database\MySQLi\Connection->execute('select u.userna...')
#2 C:\Users\ardil\Downloads\blog\system\Database\BaseConnection.php(606): CodeIgniter\Database\BaseConnection->simpleQuery('select u.userna...')
#3 C:\Users\ardil\Downloads\blog\app\Controllers\PostController.php(180): CodeIgniter\Database\BaseConnection->query('select u.userna...')
#4 C:\Users\ardil\Downloads\blog\system\CodeIgniter.php(919): App\Controllers\PostController->ejercicio10()
#5 C:\Users\ardil\Downloads\blog\system\CodeIgniter.php(494): CodeIgniter\CodeIgniter->runController(Object(App\Controllers\PostController))
#6 C:\Users\ardil\Downloads\blog\system\CodeIgniter.php(353): CodeIgniter\CodeIgniter->handleRequest(NULL, Object(Config\Cache), false)
#7 C:\Users\ardil\Downloads\blog\public\index.php(79): CodeIgniter\CodeIgniter->run()
#8 C:\Users\ardil\Downloads\blog\system\Commands\Server\rewrite.php(47): require_once('C:\\Users\\ardil\\...')
#9 {main}
CRITICAL - 2023-10-05 04:00:56 --> Unknown column 'p.created' in 'field list'
in SYSTEMPATH\Database\BaseConnection.php on line 646.
 1 APPPATH\Controllers\PostController.php(180): CodeIgniter\Database\BaseConnection->query('select u.username, ui.gender,p.created from posts as p
                            left join users as u on p.autor =u.id
                            left join userinfo as ui on u.id=ui.id
                            where ui.gender="m" group by u.username  limit 20')
 2 SYSTEMPATH\CodeIgniter.php(919): App\Controllers\PostController->ejercicio10()
 3 SYSTEMPATH\CodeIgniter.php(494): CodeIgniter\CodeIgniter->runController(Object(App\Controllers\PostController))
 4 SYSTEMPATH\CodeIgniter.php(353): CodeIgniter\CodeIgniter->handleRequest(null, Object(Config\Cache), false)
 5 FCPATH\index.php(79): CodeIgniter\CodeIgniter->run()
 6 SYSTEMPATH\Commands\Server\rewrite.php(47): require_once('C:\\Users\\ardil\\Downloads\\blog\\public\\index.php')
ERROR - 2023-10-05 04:02:59 --> mysqli_sql_exception: You have an error in your SQL syntax; check the manual that corresponds to your MariaDB server version for the right syntax to use near 'group by u.username  limit 20' at line 4 in C:\Users\ardil\Downloads\blog\system\Database\MySQLi\Connection.php:306
Stack trace:
#0 C:\Users\ardil\Downloads\blog\system\Database\MySQLi\Connection.php(306): mysqli->query('select u.userna...', 0)
#1 C:\Users\ardil\Downloads\blog\system\Database\BaseConnection.php(692): CodeIgniter\Database\MySQLi\Connection->execute('select u.userna...')
#2 C:\Users\ardil\Downloads\blog\system\Database\BaseConnection.php(606): CodeIgniter\Database\BaseConnection->simpleQuery('select u.userna...')
#3 C:\Users\ardil\Downloads\blog\app\Controllers\PostController.php(180): CodeIgniter\Database\BaseConnection->query('select u.userna...')
#4 C:\Users\ardil\Downloads\blog\system\CodeIgniter.php(919): App\Controllers\PostController->ejercicio10()
#5 C:\Users\ardil\Downloads\blog\system\CodeIgniter.php(494): CodeIgniter\CodeIgniter->runController(Object(App\Controllers\PostController))
#6 C:\Users\ardil\Downloads\blog\system\CodeIgniter.php(353): CodeIgniter\CodeIgniter->handleRequest(NULL, Object(Config\Cache), false)
#7 C:\Users\ardil\Downloads\blog\public\index.php(79): CodeIgniter\CodeIgniter->run()
#8 C:\Users\ardil\Downloads\blog\system\Commands\Server\rewrite.php(47): require_once('C:\\Users\\ardil\\...')
#9 {main}
CRITICAL - 2023-10-05 04:02:59 --> You have an error in your SQL syntax; check the manual that corresponds to your MariaDB server version for the right syntax to use near 'group by u.username  limit 20' at line 4
in SYSTEMPATH\Database\BaseConnection.php on line 646.
 1 APPPATH\Controllers\PostController.php(180): CodeIgniter\Database\BaseConnection->query('select u.username, ui.gender,p.created_at from posts as p
                            left join users as u on p.autor =u.id
                            left join userinfo as ui on u.id=ui.id
                            where ui.gender="m" order by p.created_at desc group by u.username  limit 20')
 2 SYSTEMPATH\CodeIgniter.php(919): App\Controllers\PostController->ejercicio10()
 3 SYSTEMPATH\CodeIgniter.php(494): CodeIgniter\CodeIgniter->runController(Object(App\Controllers\PostController))
 4 SYSTEMPATH\CodeIgniter.php(353): CodeIgniter\CodeIgniter->handleRequest(null, Object(Config\Cache), false)
 5 FCPATH\index.php(79): CodeIgniter\CodeIgniter->run()
 6 SYSTEMPATH\Commands\Server\rewrite.php(47): require_once('C:\\Users\\ardil\\Downloads\\blog\\public\\index.php')
ERROR - 2023-10-05 04:11:43 --> mysqli_sql_exception: You have an error in your SQL syntax; check the manual that corresponds to your MariaDB server version for the right syntax to use near '= 7 limit 20' at line 1 in C:\Users\ardil\Downloads\blog\system\Database\MySQLi\Connection.php:306
Stack trace:
#0 C:\Users\ardil\Downloads\blog\system\Database\MySQLi\Connection.php(306): mysqli->query('select * from p...', 0)
#1 C:\Users\ardil\Downloads\blog\system\Database\BaseConnection.php(692): CodeIgniter\Database\MySQLi\Connection->execute('select * from p...')
#2 C:\Users\ardil\Downloads\blog\system\Database\BaseConnection.php(606): CodeIgniter\Database\BaseConnection->simpleQuery('select * from p...')
#3 C:\Users\ardil\Downloads\blog\app\Controllers\PostController.php(184): CodeIgniter\Database\BaseConnection->query('select * from p...')
#4 C:\Users\ardil\Downloads\blog\system\CodeIgniter.php(919): App\Controllers\PostController->ejercicio10()
#5 C:\Users\ardil\Downloads\blog\system\CodeIgniter.php(494): CodeIgniter\CodeIgniter->runController(Object(App\Controllers\PostController))
#6 C:\Users\ardil\Downloads\blog\system\CodeIgniter.php(353): CodeIgniter\CodeIgniter->handleRequest(NULL, Object(Config\Cache), false)
#7 C:\Users\ardil\Downloads\blog\public\index.php(79): CodeIgniter\CodeIgniter->run()
#8 C:\Users\ardil\Downloads\blog\system\Commands\Server\rewrite.php(47): require_once('C:\\Users\\ardil\\...')
#9 {main}
CRITICAL - 2023-10-05 04:11:43 --> You have an error in your SQL syntax; check the manual that corresponds to your MariaDB server version for the right syntax to use near '= 7 limit 20' at line 1
in SYSTEMPATH\Database\BaseConnection.php on line 646.
 1 APPPATH\Controllers\PostController.php(184): CodeIgniter\Database\BaseConnection->query('select * from posts autor = 7 limit 20')
 2 SYSTEMPATH\CodeIgniter.php(919): App\Controllers\PostController->ejercicio10()
 3 SYSTEMPATH\CodeIgniter.php(494): CodeIgniter\CodeIgniter->runController(Object(App\Controllers\PostController))
 4 SYSTEMPATH\CodeIgniter.php(353): CodeIgniter\CodeIgniter->handleRequest(null, Object(Config\Cache), false)
 5 FCPATH\index.php(79): CodeIgniter\CodeIgniter->run()
 6 SYSTEMPATH\Commands\Server\rewrite.php(47): require_once('C:\\Users\\ardil\\Downloads\\blog\\public\\index.php')
ERROR - 2023-10-05 04:14:58 --> mysqli_sql_exception: You have an error in your SQL syntax; check the manual that corresponds to your MariaDB server version for the right syntax to use near 'status=1 or 0  group by u.username limit 20' at line 4 in C:\Users\ardil\Downloads\blog\system\Database\MySQLi\Connection.php:306
Stack trace:
#0 C:\Users\ardil\Downloads\blog\system\Database\MySQLi\Connection.php(306): mysqli->query('select u.userna...', 0)
#1 C:\Users\ardil\Downloads\blog\system\Database\BaseConnection.php(692): CodeIgniter\Database\MySQLi\Connection->execute('select u.userna...')
#2 C:\Users\ardil\Downloads\blog\system\Database\BaseConnection.php(606): CodeIgniter\Database\BaseConnection->simpleQuery('select u.userna...')
#3 C:\Users\ardil\Downloads\blog\app\Controllers\PostController.php(180): CodeIgniter\Database\BaseConnection->query('select u.userna...')
#4 C:\Users\ardil\Downloads\blog\system\CodeIgniter.php(919): App\Controllers\PostController->ejercicio10()
#5 C:\Users\ardil\Downloads\blog\system\CodeIgniter.php(494): CodeIgniter\CodeIgniter->runController(Object(App\Controllers\PostController))
#6 C:\Users\ardil\Downloads\blog\system\CodeIgniter.php(353): CodeIgniter\CodeIgniter->handleRequest(NULL, Object(Config\Cache), false)
#7 C:\Users\ardil\Downloads\blog\public\index.php(79): CodeIgniter\CodeIgniter->run()
#8 C:\Users\ardil\Downloads\blog\system\Commands\Server\rewrite.php(47): require_once('C:\\Users\\ardil\\...')
#9 {main}
CRITICAL - 2023-10-05 04:14:58 --> You have an error in your SQL syntax; check the manual that corresponds to your MariaDB server version for the right syntax to use near 'status=1 or 0  group by u.username limit 20' at line 4
in SYSTEMPATH\Database\BaseConnection.php on line 646.
 1 APPPATH\Controllers\PostController.php(180): CodeIgniter\Database\BaseConnection->query('select u.username, ui.gender,ui.birthday,p.id,max(p.created_at) as "ultimoPost"from posts as p
                            left join users as u on p.autor =u.id
                            left join userinfo as ui on u.id=ui.id
                            where ui.gender="f",status=1 or 0  group by u.username limit 20')
 2 SYSTEMPATH\CodeIgniter.php(919): App\Controllers\PostController->ejercicio10()
 3 SYSTEMPATH\CodeIgniter.php(494): CodeIgniter\CodeIgniter->runController(Object(App\Controllers\PostController))
 4 SYSTEMPATH\CodeIgniter.php(353): CodeIgniter\CodeIgniter->handleRequest(null, Object(Config\Cache), false)
 5 FCPATH\index.php(79): CodeIgniter\CodeIgniter->run()
 6 SYSTEMPATH\Commands\Server\rewrite.php(47): require_once('C:\\Users\\ardil\\Downloads\\blog\\public\\index.php')
ERROR - 2023-10-05 04:19:04 --> mysqli_sql_exception: You have an error in your SQL syntax; check the manual that corresponds to your MariaDB server version for the right syntax to use near 'limit 20' at line 1 in C:\Users\ardil\Downloads\blog\system\Database\MySQLi\Connection.php:306
Stack trace:
#0 C:\Users\ardil\Downloads\blog\system\Database\MySQLi\Connection.php(306): mysqli->query('select * from p...', 0)
#1 C:\Users\ardil\Downloads\blog\system\Database\BaseConnection.php(692): CodeIgniter\Database\MySQLi\Connection->execute('select * from p...')
#2 C:\Users\ardil\Downloads\blog\system\Database\BaseConnection.php(606): CodeIgniter\Database\BaseConnection->simpleQuery('select * from p...')
#3 C:\Users\ardil\Downloads\blog\app\Controllers\PostController.php(184): CodeIgniter\Database\BaseConnection->query('select * from p...')
#4 C:\Users\ardil\Downloads\blog\system\CodeIgniter.php(919): App\Controllers\PostController->ejercicio10()
#5 C:\Users\ardil\Downloads\blog\system\CodeIgniter.php(494): CodeIgniter\CodeIgniter->runController(Object(App\Controllers\PostController))
#6 C:\Users\ardil\Downloads\blog\system\CodeIgniter.php(353): CodeIgniter\CodeIgniter->handleRequest(NULL, Object(Config\Cache), false)
#7 C:\Users\ardil\Downloads\blog\public\index.php(79): CodeIgniter\CodeIgniter->run()
#8 C:\Users\ardil\Downloads\blog\system\Commands\Server\rewrite.php(47): require_once('C:\\Users\\ardil\\...')
#9 {main}
CRITICAL - 2023-10-05 04:19:04 --> You have an error in your SQL syntax; check the manual that corresponds to your MariaDB server version for the right syntax to use near 'limit 20' at line 1
in SYSTEMPATH\Database\BaseConnection.php on line 646.
 1 APPPATH\Controllers\PostController.php(184): CodeIgniter\Database\BaseConnection->query('select * from posts where limit 20')
 2 SYSTEMPATH\CodeIgniter.php(919): App\Controllers\PostController->ejercicio10()
 3 SYSTEMPATH\CodeIgniter.php(494): CodeIgniter\CodeIgniter->runController(Object(App\Controllers\PostController))
 4 SYSTEMPATH\CodeIgniter.php(353): CodeIgniter\CodeIgniter->handleRequest(null, Object(Config\Cache), false)
 5 FCPATH\index.php(79): CodeIgniter\CodeIgniter->run()
 6 SYSTEMPATH\Commands\Server\rewrite.php(47): require_once('C:\\Users\\ardil\\Downloads\\blog\\public\\index.php')
CRITICAL - 2023-10-05 04:32:10 --> syntax error, unexpected token "=", expecting "]"
in APPPATH\Controllers\PostController.php on line 193.
 1 SYSTEMPATH\Autoloader\Autoloader.php(285): CodeIgniter\Autoloader\Autoloader->includeFile('C:\\Users\\ardil\\Downloads\\blog\\app\\Controllers\\PostController.php')
 2 SYSTEMPATH\Autoloader\Autoloader.php(263): CodeIgniter\Autoloader\Autoloader->loadInNamespace('App\\Controllers\\PostController')
 3 [internal function]: CodeIgniter\Autoloader\Autoloader->loadClass('App\\Controllers\\PostController')
 4 SYSTEMPATH\CodeIgniter.php(877): class_exists('\\App\\Controllers\\PostController', true)
 5 SYSTEMPATH\CodeIgniter.php(481): CodeIgniter\CodeIgniter->startController()
 6 SYSTEMPATH\CodeIgniter.php(353): CodeIgniter\CodeIgniter->handleRequest(null, Object(Config\Cache), false)
 7 FCPATH\index.php(79): CodeIgniter\CodeIgniter->run()
 8 SYSTEMPATH\Commands\Server\rewrite.php(47): require_once('C:\\Users\\ardil\\Downloads\\blog\\public\\index.php')
CRITICAL - 2023-10-05 04:32:28 --> syntax error, unexpected token "=", expecting "]"
in APPPATH\Controllers\PostController.php on line 194.
 1 SYSTEMPATH\Autoloader\Autoloader.php(285): CodeIgniter\Autoloader\Autoloader->includeFile('C:\\Users\\ardil\\Downloads\\blog\\app\\Controllers\\PostController.php')
 2 SYSTEMPATH\Autoloader\Autoloader.php(263): CodeIgniter\Autoloader\Autoloader->loadInNamespace('App\\Controllers\\PostController')
 3 [internal function]: CodeIgniter\Autoloader\Autoloader->loadClass('App\\Controllers\\PostController')
 4 SYSTEMPATH\CodeIgniter.php(877): class_exists('\\App\\Controllers\\PostController', true)
 5 SYSTEMPATH\CodeIgniter.php(481): CodeIgniter\CodeIgniter->startController()
 6 SYSTEMPATH\CodeIgniter.php(353): CodeIgniter\CodeIgniter->handleRequest(null, Object(Config\Cache), false)
 7 FCPATH\index.php(79): CodeIgniter\CodeIgniter->run()
 8 SYSTEMPATH\Commands\Server\rewrite.php(47): require_once('C:\\Users\\ardil\\Downloads\\blog\\public\\index.php')
CRITICAL - 2023-10-05 04:32:32 --> Undefined variable $p
in APPPATH\Controllers\PostController.php on line 196.
 1 APPPATH\Controllers\PostController.php(196): CodeIgniter\Debug\Exceptions->errorHandler(2, 'Undefined variable $p', 'C:\\Users\\ardil\\Downloads\\blog\\app\\Controllers\\PostController.php', 196)
 2 SYSTEMPATH\CodeIgniter.php(919): App\Controllers\PostController->ejercicio10()
 3 SYSTEMPATH\CodeIgniter.php(494): CodeIgniter\CodeIgniter->runController(Object(App\Controllers\PostController))
 4 SYSTEMPATH\CodeIgniter.php(353): CodeIgniter\CodeIgniter->handleRequest(null, Object(Config\Cache), false)
 5 FCPATH\index.php(79): CodeIgniter\CodeIgniter->run()
 6 SYSTEMPATH\Commands\Server\rewrite.php(47): require_once('C:\\Users\\ardil\\Downloads\\blog\\public\\index.php')
CRITICAL - 2023-10-05 04:40:03 --> Undefined array key 0
in APPPATH\Views\posts\ejercicio10.php on line 22.
 1 APPPATH\Views\posts\ejercicio10.php(22): CodeIgniter\Debug\Exceptions->errorHandler(2, 'Undefined array key 0', 'C:\\Users\\ardil\\Downloads\\blog\\app\\Views\\posts\\ejercicio10.php', 22)
 2 SYSTEMPATH\View\View.php(226): include('C:\\Users\\ardil\\Downloads\\blog\\app\\Views\\posts\\ejercicio10.php')
 3 SYSTEMPATH\View\View.php(229): CodeIgniter\View\View->CodeIgniter\View\{closure}()
 4 SYSTEMPATH\Common.php(1188): CodeIgniter\View\View->render('posts/ejercicio10', [], true)
 5 APPPATH\Controllers\PostController.php(199): view('posts/ejercicio10', [...])
 6 SYSTEMPATH\CodeIgniter.php(919): App\Controllers\PostController->ejercicio10()
 7 SYSTEMPATH\CodeIgniter.php(494): CodeIgniter\CodeIgniter->runController(Object(App\Controllers\PostController))
 8 SYSTEMPATH\CodeIgniter.php(353): CodeIgniter\CodeIgniter->handleRequest(null, Object(Config\Cache), false)
 9 FCPATH\index.php(79): CodeIgniter\CodeIgniter->run()
10 SYSTEMPATH\Commands\Server\rewrite.php(47): require_once('C:\\Users\\ardil\\Downloads\\blog\\public\\index.php')
CRITICAL - 2023-10-05 04:44:00 --> A non-numeric value encountered
in APPPATH\Views\posts\ejercicio10.php on line 19.
 1 APPPATH\Views\posts\ejercicio10.php(19): CodeIgniter\Debug\Exceptions->errorHandler(2, 'A non-numeric value encountered', 'C:\\Users\\ardil\\Downloads\\blog\\app\\Views\\posts\\ejercicio10.php', 19)
 2 SYSTEMPATH\View\View.php(226): include('C:\\Users\\ardil\\Downloads\\blog\\app\\Views\\posts\\ejercicio10.php')
 3 SYSTEMPATH\View\View.php(229): CodeIgniter\View\View->CodeIgniter\View\{closure}()
 4 SYSTEMPATH\Common.php(1188): CodeIgniter\View\View->render('posts/ejercicio10', [], true)
 5 APPPATH\Controllers\PostController.php(199): view('posts/ejercicio10', [...])
 6 SYSTEMPATH\CodeIgniter.php(919): App\Controllers\PostController->ejercicio10()
 7 SYSTEMPATH\CodeIgniter.php(494): CodeIgniter\CodeIgniter->runController(Object(App\Controllers\PostController))
 8 SYSTEMPATH\CodeIgniter.php(353): CodeIgniter\CodeIgniter->handleRequest(null, Object(Config\Cache), false)
 9 FCPATH\index.php(79): CodeIgniter\CodeIgniter->run()
10 SYSTEMPATH\Commands\Server\rewrite.php(47): require_once('C:\\Users\\ardil\\Downloads\\blog\\public\\index.php')
CRITICAL - 2023-10-05 04:44:23 --> A non-numeric value encountered
in APPPATH\Views\posts\ejercicio10.php on line 19.
 1 APPPATH\Views\posts\ejercicio10.php(19): CodeIgniter\Debug\Exceptions->errorHandler(2, 'A non-numeric value encountered', 'C:\\Users\\ardil\\Downloads\\blog\\app\\Views\\posts\\ejercicio10.php', 19)
 2 SYSTEMPATH\View\View.php(226): include('C:\\Users\\ardil\\Downloads\\blog\\app\\Views\\posts\\ejercicio10.php')
 3 SYSTEMPATH\View\View.php(229): CodeIgniter\View\View->CodeIgniter\View\{closure}()
 4 SYSTEMPATH\Common.php(1188): CodeIgniter\View\View->render('posts/ejercicio10', [], true)
 5 APPPATH\Controllers\PostController.php(199): view('posts/ejercicio10', [...])
 6 SYSTEMPATH\CodeIgniter.php(919): App\Controllers\PostController->ejercicio10()
 7 SYSTEMPATH\CodeIgniter.php(494): CodeIgniter\CodeIgniter->runController(Object(App\Controllers\PostController))
 8 SYSTEMPATH\CodeIgniter.php(353): CodeIgniter\CodeIgniter->handleRequest(null, Object(Config\Cache), false)
 9 FCPATH\index.php(79): CodeIgniter\CodeIgniter->run()
10 SYSTEMPATH\Commands\Server\rewrite.php(47): require_once('C:\\Users\\ardil\\Downloads\\blog\\public\\index.php')
ERROR - 2023-10-05 04:45:50 --> mysqli_sql_exception: You have an error in your SQL syntax; check the manual that corresponds to your MariaDB server version for the right syntax to use near ' ui.birthday > "1993/01/01" group by u.username limit 20' at line 4 in C:\Users\ardil\Downloads\blog\system\Database\MySQLi\Connection.php:306
Stack trace:
#0 C:\Users\ardil\Downloads\blog\system\Database\MySQLi\Connection.php(306): mysqli->query('select u.userna...', 0)
#1 C:\Users\ardil\Downloads\blog\system\Database\BaseConnection.php(692): CodeIgniter\Database\MySQLi\Connection->execute('select u.userna...')
#2 C:\Users\ardil\Downloads\blog\system\Database\BaseConnection.php(606): CodeIgniter\Database\BaseConnection->simpleQuery('select u.userna...')
#3 C:\Users\ardil\Downloads\blog\app\Controllers\PostController.php(181): CodeIgniter\Database\BaseConnection->query('select u.userna...')
#4 C:\Users\ardil\Downloads\blog\system\CodeIgniter.php(919): App\Controllers\PostController->ejercicio10()
#5 C:\Users\ardil\Downloads\blog\system\CodeIgniter.php(494): CodeIgniter\CodeIgniter->runController(Object(App\Controllers\PostController))
#6 C:\Users\ardil\Downloads\blog\system\CodeIgniter.php(353): CodeIgniter\CodeIgniter->handleRequest(NULL, Object(Config\Cache), false)
#7 C:\Users\ardil\Downloads\blog\public\index.php(79): CodeIgniter\CodeIgniter->run()
#8 C:\Users\ardil\Downloads\blog\system\Commands\Server\rewrite.php(47): require_once('C:\\Users\\ardil\\...')
#9 {main}
CRITICAL - 2023-10-05 04:45:50 --> You have an error in your SQL syntax; check the manual that corresponds to your MariaDB server version for the right syntax to use near ' ui.birthday > "1993/01/01" group by u.username limit 20' at line 4
in SYSTEMPATH\Database\BaseConnection.php on line 646.
 1 APPPATH\Controllers\PostController.php(181): CodeIgniter\Database\BaseConnection->query('select u.username, ui.gender,ui.birthday,max(p.id) as "ultimoPost"from posts as p
                            left join users as u on p.autor =u.id
                            left join userinfo as ui on u.id=ui.id
                            where ui.gender="f", ui.birthday > "1993/01/01" group by u.username limit 20')
 2 SYSTEMPATH\CodeIgniter.php(919): App\Controllers\PostController->ejercicio10()
 3 SYSTEMPATH\CodeIgniter.php(494): CodeIgniter\CodeIgniter->runController(Object(App\Controllers\PostController))
 4 SYSTEMPATH\CodeIgniter.php(353): CodeIgniter\CodeIgniter->handleRequest(null, Object(Config\Cache), false)
 5 FCPATH\index.php(79): CodeIgniter\CodeIgniter->run()
 6 SYSTEMPATH\Commands\Server\rewrite.php(47): require_once('C:\\Users\\ardil\\Downloads\\blog\\public\\index.php')
ERROR - 2023-10-05 04:46:13 --> mysqli_sql_exception: You have an error in your SQL syntax; check the manual that corresponds to your MariaDB server version for the right syntax to use near ' ui.birthday > "1993/01/01" group by u.username limit 20' at line 4 in C:\Users\ardil\Downloads\blog\system\Database\MySQLi\Connection.php:306
Stack trace:
#0 C:\Users\ardil\Downloads\blog\system\Database\MySQLi\Connection.php(306): mysqli->query('select u.userna...', 0)
#1 C:\Users\ardil\Downloads\blog\system\Database\BaseConnection.php(692): CodeIgniter\Database\MySQLi\Connection->execute('select u.userna...')
#2 C:\Users\ardil\Downloads\blog\system\Database\BaseConnection.php(606): CodeIgniter\Database\BaseConnection->simpleQuery('select u.userna...')
#3 C:\Users\ardil\Downloads\blog\app\Controllers\PostController.php(181): CodeIgniter\Database\BaseConnection->query('select u.userna...')
#4 C:\Users\ardil\Downloads\blog\system\CodeIgniter.php(919): App\Controllers\PostController->ejercicio10()
#5 C:\Users\ardil\Downloads\blog\system\CodeIgniter.php(494): CodeIgniter\CodeIgniter->runController(Object(App\Controllers\PostController))
#6 C:\Users\ardil\Downloads\blog\system\CodeIgniter.php(353): CodeIgniter\CodeIgniter->handleRequest(NULL, Object(Config\Cache), false)
#7 C:\Users\ardil\Downloads\blog\public\index.php(79): CodeIgniter\CodeIgniter->run()
#8 C:\Users\ardil\Downloads\blog\system\Commands\Server\rewrite.php(47): require_once('C:\\Users\\ardil\\...')
#9 {main}
CRITICAL - 2023-10-05 04:46:13 --> You have an error in your SQL syntax; check the manual that corresponds to your MariaDB server version for the right syntax to use near ' ui.birthday > "1993/01/01" group by u.username limit 20' at line 4
in SYSTEMPATH\Database\BaseConnection.php on line 646.
 1 APPPATH\Controllers\PostController.php(181): CodeIgniter\Database\BaseConnection->query('select u.username, ui.gender,ui.birthday,max(p.id) as "ultimoPost"from posts as p
                            left join users as u on p.autor =u.id
                            left join userinfo as ui on u.id=ui.id
                            where ui.gender="f", ui.birthday > "1993/01/01" group by u.username limit 20')
 2 SYSTEMPATH\CodeIgniter.php(919): App\Controllers\PostController->ejercicio10()
 3 SYSTEMPATH\CodeIgniter.php(494): CodeIgniter\CodeIgniter->runController(Object(App\Controllers\PostController))
 4 SYSTEMPATH\CodeIgniter.php(353): CodeIgniter\CodeIgniter->handleRequest(null, Object(Config\Cache), false)
 5 FCPATH\index.php(79): CodeIgniter\CodeIgniter->run()
 6 SYSTEMPATH\Commands\Server\rewrite.php(47): require_once('C:\\Users\\ardil\\Downloads\\blog\\public\\index.php')
ERROR - 2023-10-05 04:46:57 --> mysqli_sql_exception: You have an error in your SQL syntax; check the manual that corresponds to your MariaDB server version for the right syntax to use near 'p.status=1 group by u.username limit 20' at line 4 in C:\Users\ardil\Downloads\blog\system\Database\MySQLi\Connection.php:306
Stack trace:
#0 C:\Users\ardil\Downloads\blog\system\Database\MySQLi\Connection.php(306): mysqli->query('select u.userna...', 0)
#1 C:\Users\ardil\Downloads\blog\system\Database\BaseConnection.php(692): CodeIgniter\Database\MySQLi\Connection->execute('select u.userna...')
#2 C:\Users\ardil\Downloads\blog\system\Database\BaseConnection.php(606): CodeIgniter\Database\BaseConnection->simpleQuery('select u.userna...')
#3 C:\Users\ardil\Downloads\blog\app\Controllers\PostController.php(181): CodeIgniter\Database\BaseConnection->query('select u.userna...')
#4 C:\Users\ardil\Downloads\blog\system\CodeIgniter.php(919): App\Controllers\PostController->ejercicio10()
#5 C:\Users\ardil\Downloads\blog\system\CodeIgniter.php(494): CodeIgniter\CodeIgniter->runController(Object(App\Controllers\PostController))
#6 C:\Users\ardil\Downloads\blog\system\CodeIgniter.php(353): CodeIgniter\CodeIgniter->handleRequest(NULL, Object(Config\Cache), false)
#7 C:\Users\ardil\Downloads\blog\public\index.php(79): CodeIgniter\CodeIgniter->run()
#8 C:\Users\ardil\Downloads\blog\system\Commands\Server\rewrite.php(47): require_once('C:\\Users\\ardil\\...')
#9 {main}
CRITICAL - 2023-10-05 04:46:57 --> You have an error in your SQL syntax; check the manual that corresponds to your MariaDB server version for the right syntax to use near 'p.status=1 group by u.username limit 20' at line 4
in SYSTEMPATH\Database\BaseConnection.php on line 646.
 1 APPPATH\Controllers\PostController.php(181): CodeIgniter\Database\BaseConnection->query('select u.username, ui.gender,ui.birthday,max(p.id) as "ultimoPost"from posts as p
                            left join users as u on p.autor =u.id
                            left join userinfo as ui on u.id=ui.id
                            where ui.gender="f",p.status=1 group by u.username limit 20')
 2 SYSTEMPATH\CodeIgniter.php(919): App\Controllers\PostController->ejercicio10()
 3 SYSTEMPATH\CodeIgniter.php(494): CodeIgniter\CodeIgniter->runController(Object(App\Controllers\PostController))
 4 SYSTEMPATH\CodeIgniter.php(353): CodeIgniter\CodeIgniter->handleRequest(null, Object(Config\Cache), false)
 5 FCPATH\index.php(79): CodeIgniter\CodeIgniter->run()
 6 SYSTEMPATH\Commands\Server\rewrite.php(47): require_once('C:\\Users\\ardil\\Downloads\\blog\\public\\index.php')
CRITICAL - 2023-10-05 04:50:23 --> Undefined array key "ultimoPost"
in APPPATH\Views\posts\ejercicio10.php on line 39.
 1 APPPATH\Views\posts\ejercicio10.php(39): CodeIgniter\Debug\Exceptions->errorHandler(2, 'Undefined array key "ultimoPost"', 'C:\\Users\\ardil\\Downloads\\blog\\app\\Views\\posts\\ejercicio10.php', 39)
 2 SYSTEMPATH\View\View.php(226): include('C:\\Users\\ardil\\Downloads\\blog\\app\\Views\\posts\\ejercicio10.php')
 3 SYSTEMPATH\View\View.php(229): CodeIgniter\View\View->CodeIgniter\View\{closure}()
 4 SYSTEMPATH\Common.php(1188): CodeIgniter\View\View->render('posts/ejercicio10', [], true)
 5 APPPATH\Controllers\PostController.php(199): view('posts/ejercicio10', [...])
 6 SYSTEMPATH\CodeIgniter.php(919): App\Controllers\PostController->ejercicio10()
 7 SYSTEMPATH\CodeIgniter.php(494): CodeIgniter\CodeIgniter->runController(Object(App\Controllers\PostController))
 8 SYSTEMPATH\CodeIgniter.php(353): CodeIgniter\CodeIgniter->handleRequest(null, Object(Config\Cache), false)
 9 FCPATH\index.php(79): CodeIgniter\CodeIgniter->run()
10 SYSTEMPATH\Commands\Server\rewrite.php(47): require_once('C:\\Users\\ardil\\Downloads\\blog\\public\\index.php')
