CRITICAL - 2023-09-26 15:38:25 --> Undefined variable $usuarios
in APPPATH\Views\users\index.php on line 2.
 1 APPPATH\Views\users\index.php(2): CodeIgniter\Debug\Exceptions->errorHandler(2, 'Undefined variable $usuarios', 'C:\\Users\\ardil\\Downloads\\blog\\app\\Views\\users\\index.php', 2)
 2 SYSTEMPATH\View\View.php(226): include('C:\\Users\\ardil\\Downloads\\blog\\app\\Views\\users\\index.php')
 3 SYSTEMPATH\View\View.php(229): CodeIgniter\View\View->CodeIgniter\View\{closure}()
 4 SYSTEMPATH\Common.php(1188): CodeIgniter\View\View->render('users/index', [], true)
 5 APPPATH\Controllers\UserController.php(15): view('users/index', [...])
 6 SYSTEMPATH\CodeIgniter.php(919): App\Controllers\UserController->index()
 7 SYSTEMPATH\CodeIgniter.php(494): CodeIgniter\CodeIgniter->runController(Object(App\Controllers\UserController))
 8 SYSTEMPATH\CodeIgniter.php(353): CodeIgniter\CodeIgniter->handleRequest(null, Object(Config\Cache), false)
 9 FCPATH\index.php(79): CodeIgniter\CodeIgniter->run()
10 SYSTEMPATH\Commands\Server\rewrite.php(47): require_once('C:\\Users\\ardil\\Downloads\\blog\\public\\index.php')
CRITICAL - 2023-09-26 15:40:31 --> Attempt to read property "username" on array
in APPPATH\Views\users\index.php on line 3.
 1 APPPATH\Views\users\index.php(3): CodeIgniter\Debug\Exceptions->errorHandler(2, 'Attempt to read property "username" on array', 'C:\\Users\\ardil\\Downloads\\blog\\app\\Views\\users\\index.php', 3)
 2 SYSTEMPATH\View\View.php(226): include('C:\\Users\\ardil\\Downloads\\blog\\app\\Views\\users\\index.php')
 3 SYSTEMPATH\View\View.php(229): CodeIgniter\View\View->CodeIgniter\View\{closure}()
 4 SYSTEMPATH\Common.php(1188): CodeIgniter\View\View->render('users/index', [], true)
 5 APPPATH\Controllers\UserController.php(19): view('users/index', [...])
 6 SYSTEMPATH\CodeIgniter.php(919): App\Controllers\UserController->index()
 7 SYSTEMPATH\CodeIgniter.php(494): CodeIgniter\CodeIgniter->runController(Object(App\Controllers\UserController))
 8 SYSTEMPATH\CodeIgniter.php(353): CodeIgniter\CodeIgniter->handleRequest(null, Object(Config\Cache), false)
 9 FCPATH\index.php(79): CodeIgniter\CodeIgniter->run()
10 SYSTEMPATH\Commands\Server\rewrite.php(47): require_once('C:\\Users\\ardil\\Downloads\\blog\\public\\index.php')
